2024-06-25 00:22:58.330 [pool-3-thread-1] INFO  com.rs.mv.mvvs.client.catalog.from.scan.CurrentPathScanner - [client:400205]scan file in current open file directory(F:/system/client/smiletech_appointment_system/app/Http/Controllers/vendor/Chatify/Api)
2024-06-25 00:24:49.536 [pool-3-thread-1] INFO  com.rs.mv.mvvs.client.catalog.from.scan.CurrentPathScanner - [client:400205]scan file in current open file directory(F:/system/client/smiletech_appointment_system/resources/views/admin)
2024-06-25 00:25:14.606 [pool-3-thread-1] INFO  com.rs.mv.mvvs.client.catalog.from.scan.CurrentPathScanner - [client:400205]scan file in current open file directory(F:/system/client/smiletech_appointment_system/public/js/chatify)
2024-06-25 00:25:18.893 [pool-3-thread-1] INFO  com.rs.mv.mvvs.client.catalog.from.scan.CurrentPathScanner - [client:400205]scan file in current open file directory(F:/system/client/smiletech_appointment_system/public/js/chatify)
2024-06-25 00:25:41.634 [pool-3-thread-1] INFO  com.rs.mv.mvvs.client.catalog.from.scan.CurrentPathScanner - [client:400205]scan file in current open file directory(F:/system/client/smiletech_appointment_system/config)
2024-06-25 00:29:05.657 [pool-3-thread-1] INFO  com.rs.mv.mvvs.client.catalog.from.scan.CurrentPathScanner - [client:400205]scan file in current open file directory(F:/system/client/smiletech_appointment_system/app/Http/Middleware)
2024-06-25 00:30:47.075 [pool-3-thread-1] INFO  com.rs.mv.mvvs.client.catalog.from.scan.CurrentPathScanner - [client:400205]scan file in current open file directory(F:/system/client/smiletech_appointment_system/routes/chatify)
2024-06-25 00:30:48.424 [pool-3-thread-1] INFO  com.rs.mv.mvvs.client.catalog.from.scan.CurrentPathScanner - [client:400205]scan file in current open file directory(F:/system/client/smiletech_appointment_system/routes/chatify)
2024-06-25 00:30:48.962 [pool-3-thread-1] INFO  com.rs.mv.mvvs.client.catalog.from.scan.CurrentPathScanner - [client:400205]scan file in current open file directory(F:/system/client/smiletech_appointment_system/routes)
2024-06-25 00:30:50.274 [pool-3-thread-1] INFO  com.rs.mv.mvvs.client.catalog.from.scan.CurrentPathScanner - [client:400205]scan file in current open file directory(F:/system/client/smiletech_appointment_system/routes)
2024-06-25 00:30:59.848 [pool-3-thread-1] INFO  com.rs.mv.mvvs.client.catalog.from.scan.CurrentPathScanner - [client:400205]scan file in current open file directory(F:/system/client/smiletech_appointment_system/routes/chatify)
2024-06-25 00:31:00.590 [pool-3-thread-1] INFO  com.rs.mv.mvvs.client.catalog.from.scan.CurrentPathScanner - [client:400205]scan file in current open file directory(F:/system/client/smiletech_appointment_system/routes/chatify)
2024-06-25 00:31:13.350 [pool-3-thread-1] INFO  com.rs.mv.mvvs.client.catalog.from.scan.CurrentPathScanner - [client:400205]scan file in current open file directory(F:/system/client/smiletech_appointment_system/routes/chatify)
2024-06-25 00:31:14.209 [pool-3-thread-1] INFO  com.rs.mv.mvvs.client.catalog.from.scan.CurrentPathScanner - [client:400205]scan file in current open file directory(F:/system/client/smiletech_appointment_system/routes/chatify)
2024-06-25 00:35:22.820 [pool-3-thread-1] INFO  com.rs.mv.mvvs.client.catalog.from.scan.CurrentPathScanner - [client:400205]scan file in current open file directory(F:/system/client/smiletech_appointment_system/app/Http/Controllers/vendor/Chatify)
2024-06-25 00:36:14.631 [pool-3-thread-1] INFO  com.rs.mv.mvvs.client.catalog.from.scan.CurrentPathScanner - [client:400205]scan file in current open file directory(F:/system/client/smiletech_appointment_system/routes/chatify)
2024-06-25 00:37:55.395 [pool-3-thread-1] INFO  com.rs.mv.mvvs.client.catalog.from.scan.CurrentPathScanner - [client:400205]scan file in current open file directory(F:/system/client/smiletech_appointment_system/app/Http/Controllers/vendor/Chatify)
2024-06-25 00:47:22.368 [pool-3-thread-1] INFO  com.rs.mv.mvvs.client.catalog.from.scan.CurrentPathScanner - [client:400205]scan file in current open file directory(F:/system/client/smiletech_appointment_system/app/Http/Middleware)
2024-06-25 00:47:57.865 [pool-3-thread-1] INFO  com.rs.mv.mvvs.client.catalog.from.scan.CurrentPathScanner - [client:400205]scan file in current open file directory(F:/system/client/smiletech_appointment_system/app/Http)
2024-06-25 00:48:23.272 [pool-3-thread-1] INFO  com.rs.mv.mvvs.client.catalog.from.scan.CurrentPathScanner - [client:400205]scan file in current open file directory(F:/system/client/smiletech_appointment_system/routes/chatify)
2024-06-25 00:49:03.076 [pool-3-thread-1] INFO  com.rs.mv.mvvs.client.catalog.from.scan.CurrentPathScanner - [client:400205]scan file in current open file directory(F:/system/client/smiletech_appointment_system/app/Http/Controllers/vendor/Chatify)
2024-06-25 00:50:58.516 [pool-3-thread-1] INFO  com.rs.mv.mvvs.client.catalog.from.scan.CurrentPathScanner - [client:400205]scan file in current open file directory(F:/system/client/smiletech_appointment_system/routes/chatify)
2024-06-25 00:50:59.554 [pool-3-thread-1] INFO  com.rs.mv.mvvs.client.catalog.from.scan.CurrentPathScanner - [client:400205]scan file in current open file directory(F:/system/client/smiletech_appointment_system/app/Http/Middleware)
2024-06-25 00:51:00.320 [pool-3-thread-1] INFO  com.rs.mv.mvvs.client.catalog.from.scan.CurrentPathScanner - [client:400205]scan file in current open file directory(F:/system/client/smiletech_appointment_system/app/Http)
2024-06-25 00:51:00.786 [pool-3-thread-1] INFO  com.rs.mv.mvvs.client.catalog.from.scan.CurrentPathScanner - [client:400205]scan file in current open file directory(F:/system/client/smiletech_appointment_system/routes/chatify)
2024-06-25 00:54:14.648 [pool-3-thread-1] INFO  com.rs.mv.mvvs.client.catalog.from.scan.CurrentPathScanner - [client:400205]scan file in current open file directory(F:/system/client/smiletech_appointment_system/app/Http/Controllers/vendor/Chatify)
2024-06-25 00:54:20.489 [pool-3-thread-1] INFO  com.rs.mv.mvvs.client.catalog.from.scan.CurrentPathScanner - [client:400205]scan file in current open file directory(F:/system/client/smiletech_appointment_system/app/Http)
2024-06-25 00:54:22.887 [pool-3-thread-1] INFO  com.rs.mv.mvvs.client.catalog.from.scan.CurrentPathScanner - [client:400205]scan file in current open file directory(F:/system/client/smiletech_appointment_system/app/Http/Middleware)
2024-06-25 00:54:26.088 [pool-3-thread-1] INFO  com.rs.mv.mvvs.client.catalog.from.scan.CurrentPathScanner - [client:400205]scan file in current open file directory(F:/system/client/smiletech_appointment_system/app/Http)
2024-06-25 00:54:49.596 [pool-3-thread-1] INFO  com.rs.mv.mvvs.client.catalog.from.scan.CurrentPathScanner - [client:400205]scan file in current open file directory(F:/system/client/smiletech_appointment_system/app/Http/Controllers)
2024-06-25 00:54:50.823 [pool-3-thread-1] INFO  com.rs.mv.mvvs.client.catalog.from.scan.CurrentPathScanner - [client:400205]scan file in current open file directory(F:/system/client/smiletech_appointment_system/app/Http/Controllers)
2024-06-25 00:55:01.078 [pool-3-thread-1] INFO  com.rs.mv.mvvs.client.catalog.from.scan.CurrentPathScanner - [client:400205]scan file in current open file directory(F:/system/client/smiletech_appointment_system/routes/chatify)
2024-06-25 01:00:19.095 [pool-3-thread-1] INFO  com.rs.mv.mvvs.client.catalog.from.scan.CurrentPathScanner - [client:400205]scan file in current open file directory(F:/system/client/smiletech_appointment_system/app/Http/Controllers)
2024-06-25 01:00:20.936 [pool-3-thread-1] INFO  com.rs.mv.mvvs.client.catalog.from.scan.CurrentPathScanner - [client:400205]scan file in current open file directory(F:/system/client/smiletech_appointment_system/app/Http/Controllers/vendor/Chatify)
2024-06-25 01:02:57.892 [pool-3-thread-1] INFO  com.rs.mv.mvvs.client.catalog.from.scan.CurrentPathScanner - [client:400205]scan file in current open file directory(F:/system/client/smiletech_appointment_system/routes/chatify)
2024-06-25 01:03:35.744 [pool-3-thread-1] INFO  com.rs.mv.mvvs.client.catalog.from.scan.CurrentPathScanner - [client:400205]scan file in current open file directory(F:/system/client/smiletech_appointment_system/routes/chatify)
2024-06-25 01:05:10.412 [pool-3-thread-1] INFO  com.rs.mv.mvvs.client.catalog.from.scan.CurrentPathScanner - [client:400205]scan file in current open file directory(F:/system/client/smiletech_appointment_system/resources/views/vendor/Chatify/pages)
2024-06-25 01:05:17.161 [pool-3-thread-1] INFO  com.rs.mv.mvvs.client.catalog.from.scan.CurrentPathScanner - [client:400205]scan file in current open file directory(F:/system/client/smiletech_appointment_system/resources/views/vendor/Chatify/layouts)
2024-06-25 01:05:17.691 [pool-3-thread-1] INFO  com.rs.mv.mvvs.client.catalog.from.scan.CurrentPathScanner - [client:400205]scan file in current open file directory(F:/system/client/smiletech_appointment_system/resources/views/vendor/Chatify/layouts)
2024-06-25 01:05:18.243 [pool-3-thread-1] INFO  com.rs.mv.mvvs.client.catalog.from.scan.CurrentPathScanner - [client:400205]scan file in current open file directory(F:/system/client/smiletech_appointment_system/resources/views/vendor/Chatify/layouts)
2024-06-25 01:05:19.494 [pool-3-thread-1] INFO  com.rs.mv.mvvs.client.catalog.from.scan.CurrentPathScanner - [client:400205]scan file in current open file directory(F:/system/client/smiletech_appointment_system/resources/views/vendor/Chatify/layouts)
2024-06-25 01:05:19.855 [pool-3-thread-1] INFO  com.rs.mv.mvvs.client.catalog.from.scan.CurrentPathScanner - [client:400205]scan file in current open file directory(F:/system/client/smiletech_appointment_system/resources/views/vendor/Chatify/layouts)
2024-06-25 01:05:21.348 [pool-3-thread-1] INFO  com.rs.mv.mvvs.client.catalog.from.scan.CurrentPathScanner - [client:400205]scan file in current open file directory(F:/system/client/smiletech_appointment_system/resources/views/vendor/Chatify/layouts)
2024-06-25 01:08:21.347 [pool-3-thread-1] INFO  com.rs.mv.mvvs.client.catalog.from.scan.CurrentPathScanner - [client:400205]scan file in current open file directory(F:/system/client/smiletech_appointment_system/resources/views/vendor/Chatify/layouts)
2024-06-25 01:08:22.768 [pool-3-thread-1] INFO  com.rs.mv.mvvs.client.catalog.from.scan.CurrentPathScanner - [client:400205]scan file in current open file directory(F:/system/client/smiletech_appointment_system/resources/views/vendor/Chatify/layouts)
2024-06-25 01:08:25.393 [pool-3-thread-1] INFO  com.rs.mv.mvvs.client.catalog.from.scan.CurrentPathScanner - [client:400205]scan file in current open file directory(F:/system/client/smiletech_appointment_system/resources/views/vendor/Chatify/layouts)
2024-06-25 01:08:25.818 [pool-3-thread-1] INFO  com.rs.mv.mvvs.client.catalog.from.scan.CurrentPathScanner - [client:400205]scan file in current open file directory(F:/system/client/smiletech_appointment_system/resources/views/vendor/Chatify/layouts)
2024-06-25 01:08:27.639 [pool-3-thread-1] INFO  com.rs.mv.mvvs.client.catalog.from.scan.CurrentPathScanner - [client:400205]scan file in current open file directory(F:/system/client/smiletech_appointment_system/resources/views/vendor/Chatify/pages)
2024-06-25 01:10:47.558 [pool-3-thread-1] INFO  com.rs.mv.mvvs.client.catalog.from.scan.CurrentPathScanner - [client:400205]scan file in current open file directory(F:/system/client/smiletech_appointment_system/resources/views/vendor/Chatify/layouts)
2024-06-25 01:10:48.589 [pool-3-thread-1] INFO  com.rs.mv.mvvs.client.catalog.from.scan.CurrentPathScanner - [client:400205]scan file in current open file directory(F:/system/client/smiletech_appointment_system/resources/views/vendor/Chatify/layouts)
2024-06-25 01:10:55.101 [pool-3-thread-1] INFO  com.rs.mv.mvvs.client.catalog.from.scan.CurrentPathScanner - [client:400205]scan file in current open file directory(F:/system/client/smiletech_appointment_system/resources/views/vendor/Chatify/layouts)
2024-06-25 01:10:55.733 [pool-3-thread-1] INFO  com.rs.mv.mvvs.client.catalog.from.scan.CurrentPathScanner - [client:400205]scan file in current open file directory(F:/system/client/smiletech_appointment_system/resources/views/vendor/Chatify/layouts)
2024-06-25 01:10:57.457 [pool-3-thread-1] INFO  com.rs.mv.mvvs.client.catalog.from.scan.CurrentPathScanner - [client:400205]scan file in current open file directory(F:/system/client/smiletech_appointment_system/resources/views/vendor/Chatify/layouts)
2024-06-25 01:11:04.154 [pool-3-thread-1] INFO  com.rs.mv.mvvs.client.catalog.from.scan.CurrentPathScanner - [client:400205]scan file in current open file directory(F:/system/client/smiletech_appointment_system/resources/views/vendor/Chatify/layouts)
2024-06-25 01:11:04.559 [pool-3-thread-1] INFO  com.rs.mv.mvvs.client.catalog.from.scan.CurrentPathScanner - [client:400205]scan file in current open file directory(F:/system/client/smiletech_appointment_system/resources/views/vendor/Chatify/layouts)
2024-06-25 01:11:04.990 [pool-3-thread-1] INFO  com.rs.mv.mvvs.client.catalog.from.scan.CurrentPathScanner - [client:400205]scan file in current open file directory(F:/system/client/smiletech_appointment_system/resources/views/vendor/Chatify/layouts)
2024-06-25 01:11:07.829 [pool-3-thread-1] INFO  com.rs.mv.mvvs.client.catalog.from.scan.CurrentPathScanner - [client:400205]scan file in current open file directory(F:/system/client/smiletech_appointment_system/resources/views/vendor/Chatify/layouts)
2024-06-25 01:11:08.322 [pool-3-thread-1] INFO  com.rs.mv.mvvs.client.catalog.from.scan.CurrentPathScanner - [client:400205]scan file in current open file directory(F:/system/client/smiletech_appointment_system/resources/views/vendor/Chatify/layouts)
2024-06-25 01:11:11.204 [pool-3-thread-1] INFO  com.rs.mv.mvvs.client.catalog.from.scan.CurrentPathScanner - [client:400205]scan file in current open file directory(F:/system/client/smiletech_appointment_system/resources/views/vendor/Chatify/layouts)
2024-06-25 01:11:13.715 [pool-3-thread-1] INFO  com.rs.mv.mvvs.client.catalog.from.scan.CurrentPathScanner - [client:400205]scan file in current open file directory(F:/system/client/smiletech_appointment_system/resources/views/vendor/Chatify/layouts)
2024-06-25 01:11:14.371 [pool-3-thread-1] INFO  com.rs.mv.mvvs.client.catalog.from.scan.CurrentPathScanner - [client:400205]scan file in current open file directory(F:/system/client/smiletech_appointment_system/resources/views/vendor/Chatify/layouts)
2024-06-25 01:11:15.821 [pool-3-thread-1] INFO  com.rs.mv.mvvs.client.catalog.from.scan.CurrentPathScanner - [client:400205]scan file in current open file directory(F:/system/client/smiletech_appointment_system/resources/views/vendor/Chatify/layouts)
2024-06-25 01:11:17.098 [pool-3-thread-1] INFO  com.rs.mv.mvvs.client.catalog.from.scan.CurrentPathScanner - [client:400205]scan file in current open file directory(F:/system/client/smiletech_appointment_system/resources/views/vendor/Chatify/layouts)
2024-06-25 01:11:17.499 [pool-3-thread-1] INFO  com.rs.mv.mvvs.client.catalog.from.scan.CurrentPathScanner - [client:400205]scan file in current open file directory(F:/system/client/smiletech_appointment_system/resources/views/vendor/Chatify/layouts)
2024-06-25 01:11:21.938 [pool-3-thread-1] INFO  com.rs.mv.mvvs.client.catalog.from.scan.CurrentPathScanner - [client:400205]scan file in current open file directory(F:/system/client/smiletech_appointment_system/resources/views)
2024-06-25 01:11:23.184 [pool-3-thread-1] INFO  com.rs.mv.mvvs.client.catalog.from.scan.CurrentPathScanner - [client:400205]scan file in current open file directory(F:/system/client/smiletech_appointment_system/resources/views/vendor/Chatify/pages)
2024-06-25 01:11:54.205 [pool-3-thread-1] INFO  com.rs.mv.mvvs.client.catalog.from.scan.CurrentPathScanner - [client:400205]scan file in current open file directory(F:/system/client/smiletech_appointment_system/resources/views/vendor/Chatify/layouts)
2024-06-25 01:12:57.324 [pool-3-thread-1] INFO  com.rs.mv.mvvs.client.catalog.from.scan.CurrentPathScanner - [client:400205]scan file in current open file directory(F:/system/client/smiletech_appointment_system/resources/views/vendor/Chatify/pages)
2024-06-25 01:14:14.904 [pool-3-thread-1] INFO  com.rs.mv.mvvs.client.catalog.from.scan.CurrentPathScanner - [client:400205]scan file in current open file directory(F:/system/client/smiletech_appointment_system/routes/chatify)
2024-06-25 01:14:19.123 [pool-3-thread-1] INFO  com.rs.mv.mvvs.client.catalog.from.scan.CurrentPathScanner - [client:400205]scan file in current open file directory(F:/system/client/smiletech_appointment_system/routes/chatify)
2024-06-25 01:14:21.313 [pool-3-thread-1] INFO  com.rs.mv.mvvs.client.catalog.from.scan.CurrentPathScanner - [client:400205]scan file in current open file directory(F:/system/client/smiletech_appointment_system/resources/views/vendor/Chatify/layouts)
2024-06-25 01:14:31.735 [pool-3-thread-1] INFO  com.rs.mv.mvvs.client.catalog.from.scan.CurrentPathScanner - [client:400205]scan file in current open file directory(F:/system/client/smiletech_appointment_system/app/Http/Controllers/vendor/Chatify)
2024-06-25 01:18:49.595 [pool-3-thread-1] INFO  com.rs.mv.mvvs.client.catalog.from.scan.CurrentPathScanner - [client:400205]scan file in current open file directory(F:/system/client/smiletech_appointment_system/resources/views/vendor/Chatify/pages)
2024-06-25 01:19:16.236 [pool-3-thread-1] INFO  com.rs.mv.mvvs.client.catalog.from.scan.CurrentPathScanner - [client:400205]scan file in current open file directory(F:/system/client/smiletech_appointment_system/app/Http/Controllers/vendor/Chatify)
2024-06-25 01:21:37.260 [pool-3-thread-1] INFO  com.rs.mv.mvvs.client.catalog.from.scan.CurrentPathScanner - [client:400205]scan file in current open file directory(F:/system/client/smiletech_appointment_system/app/Http/Controllers/vendor/Chatify/Api)
2024-06-25 01:21:54.070 [pool-3-thread-1] INFO  com.rs.mv.mvvs.client.catalog.from.scan.CurrentPathScanner - [client:400205]scan file in current open file directory(F:/system/client/smiletech_appointment_system/resources/views/vendor/Chatify/layouts)
2024-06-25 01:22:26.504 [pool-3-thread-1] INFO  com.rs.mv.mvvs.client.catalog.from.scan.CurrentPathScanner - [client:400205]scan file in current open file directory(F:/system/client/smiletech_appointment_system/resources/views/vendor/Chatify/pages)
2024-06-25 01:23:36.801 [pool-3-thread-1] INFO  com.rs.mv.mvvs.client.catalog.from.scan.CurrentPathScanner - [client:400205]scan file in current open file directory(F:/system/client/smiletech_appointment_system/resources/views/vendor/Chatify/layouts)
2024-06-25 01:23:38.906 [pool-3-thread-1] INFO  com.rs.mv.mvvs.client.catalog.from.scan.CurrentPathScanner - [client:400205]scan file in current open file directory(F:/system/client/smiletech_appointment_system/app/Http/Controllers/vendor/Chatify/Api)
2024-06-25 01:23:44.273 [pool-3-thread-1] INFO  com.rs.mv.mvvs.client.catalog.from.scan.CurrentPathScanner - [client:400205]scan file in current open file directory(F:/system/client/smiletech_appointment_system/app/Http/Controllers/vendor/Chatify)
2024-06-25 01:23:46.425 [pool-3-thread-1] INFO  com.rs.mv.mvvs.client.catalog.from.scan.CurrentPathScanner - [client:400205]scan file in current open file directory(F:/system/client/smiletech_appointment_system/app/Http/Controllers/vendor/Chatify/Api)
2024-06-25 01:23:47.239 [pool-3-thread-1] INFO  com.rs.mv.mvvs.client.catalog.from.scan.CurrentPathScanner - [client:400205]scan file in current open file directory(F:/system/client/smiletech_appointment_system/app/Http/Controllers/vendor/Chatify)
2024-06-25 01:25:01.202 [pool-3-thread-1] INFO  com.rs.mv.mvvs.client.catalog.from.scan.CurrentPathScanner - [client:400205]scan file in current open file directory(F:/system/client/smiletech_appointment_system/routes/chatify)
2024-06-25 01:25:22.823 [pool-3-thread-1] INFO  com.rs.mv.mvvs.client.catalog.from.scan.CurrentPathScanner - [client:400205]scan file in current open file directory(F:/system/client/smiletech_appointment_system/resources/views/vendor/Chatify/layouts)
2024-06-25 01:25:25.155 [pool-3-thread-1] INFO  com.rs.mv.mvvs.client.catalog.from.scan.CurrentPathScanner - [client:400205]scan file in current open file directory(F:/system/client/smiletech_appointment_system/resources/views/vendor/Chatify/pages)
2024-06-25 01:25:43.543 [pool-3-thread-1] INFO  com.rs.mv.mvvs.client.catalog.from.scan.CurrentPathScanner - [client:400205]scan file in current open file directory(F:/system/client/smiletech_appointment_system/resources/views/vendor/Chatify/layouts)
2024-06-25 01:25:59.272 [pool-3-thread-1] INFO  com.rs.mv.mvvs.client.catalog.from.scan.CurrentPathScanner - [client:400205]scan file in current open file directory(F:/system/client/smiletech_appointment_system/resources/views/vendor/Chatify/pages)
2024-06-25 01:26:09.329 [pool-3-thread-1] INFO  com.rs.mv.mvvs.client.catalog.from.scan.CurrentPathScanner - [client:400205]scan file in current open file directory(F:/system/client/smiletech_appointment_system/resources/views/vendor/Chatify/layouts)
2024-06-25 01:27:10.655 [pool-3-thread-1] INFO  com.rs.mv.mvvs.client.catalog.from.scan.CurrentPathScanner - [client:400205]scan file in current open file directory(F:/system/client/smiletech_appointment_system/app/Http/Controllers/vendor/Chatify)
2024-06-25 01:27:27.921 [pool-3-thread-1] INFO  com.rs.mv.mvvs.client.catalog.from.scan.CurrentPathScanner - [client:400205]scan file in current open file directory(F:/system/client/smiletech_appointment_system/resources/views/vendor/Chatify/layouts)
2024-06-25 01:27:34.581 [pool-3-thread-1] INFO  com.rs.mv.mvvs.client.catalog.from.scan.CurrentPathScanner - [client:400205]scan file in current open file directory(F:/system/client/smiletech_appointment_system/routes/chatify)
2024-06-25 01:27:54.621 [pool-3-thread-1] INFO  com.rs.mv.mvvs.client.catalog.from.scan.CurrentPathScanner - [client:400205]scan file in current open file directory(F:/system/client/smiletech_appointment_system/resources/views/vendor/Chatify/layouts)
2024-06-25 01:28:00.337 [pool-3-thread-1] INFO  com.rs.mv.mvvs.client.catalog.from.scan.CurrentPathScanner - [client:400205]scan file in current open file directory(F:/system/client/smiletech_appointment_system/resources/views/vendor/Chatify/pages)
2024-06-25 01:28:03.479 [pool-3-thread-1] INFO  com.rs.mv.mvvs.client.catalog.from.scan.CurrentPathScanner - [client:400205]scan file in current open file directory(F:/system/client/smiletech_appointment_system/app/Http/Controllers/vendor/Chatify)
2024-06-25 01:28:28.536 [pool-3-thread-1] INFO  com.rs.mv.mvvs.client.catalog.from.scan.CurrentPathScanner - [client:400205]scan file in current open file directory(F:/system/client/smiletech_appointment_system/resources/views/vendor/Chatify/layouts)
2024-06-25 01:31:46.820 [pool-3-thread-1] INFO  com.rs.mv.mvvs.client.catalog.from.scan.CurrentPathScanner - [client:400205]scan file in current open file directory(F:/system/client/smiletech_appointment_system/resources/views/vendor/Chatify/pages)
2024-06-25 01:33:28.311 [pool-3-thread-1] INFO  com.rs.mv.mvvs.client.catalog.from.scan.CurrentPathScanner - [client:400205]scan file in current open file directory(F:/system/client/smiletech_appointment_system/resources/views/vendor/Chatify/layouts)
2024-06-25 01:33:45.202 [pool-3-thread-1] INFO  com.rs.mv.mvvs.client.catalog.from.scan.CurrentPathScanner - [client:400205]scan file in current open file directory(F:/system/client/smiletech_appointment_system/resources/views/vendor/Chatify/layouts)
2024-06-25 01:34:19.760 [pool-3-thread-1] INFO  com.rs.mv.mvvs.client.catalog.from.scan.CurrentPathScanner - [client:400205]scan file in current open file directory(F:/system/client/smiletech_appointment_system/resources/views/vendor/Chatify/layouts)
2024-06-25 01:34:21.174 [pool-3-thread-1] INFO  com.rs.mv.mvvs.client.catalog.from.scan.CurrentPathScanner - [client:400205]scan file in current open file directory(F:/system/client/smiletech_appointment_system/resources/views/vendor/Chatify/pages)
2024-06-25 01:43:42.299 [pool-3-thread-1] INFO  com.rs.mv.mvvs.client.catalog.from.scan.CurrentPathScanner - [client:400205]scan file in current open file directory(F:/system/client/smiletech_appointment_system/app/Http/Controllers/vendor/Chatify)
2024-06-25 01:44:49.156 [pool-3-thread-1] INFO  com.rs.mv.mvvs.client.catalog.from.scan.CurrentPathScanner - [client:400205]scan file in current open file directory(F:/system/client/smiletech_appointment_system/resources/views/vendor/Chatify/layouts)
2024-06-25 01:44:55.201 [pool-3-thread-1] INFO  com.rs.mv.mvvs.client.catalog.from.scan.CurrentPathScanner - [client:400205]scan file in current open file directory(F:/system/client/smiletech_appointment_system/resources/views/vendor/Chatify/pages)
2024-06-25 01:46:11.718 [pool-3-thread-1] INFO  com.rs.mv.mvvs.client.catalog.from.scan.CurrentPathScanner - [client:400205]scan file in current open file directory(F:/system/client/smiletech_appointment_system/resources/views/vendor/Chatify/layouts)
2024-06-25 01:46:55.905 [pool-3-thread-1] INFO  com.rs.mv.mvvs.client.catalog.from.scan.CurrentPathScanner - [client:400205]scan file in current open file directory(F:/system/client/smiletech_appointment_system/resources/views/vendor/Chatify/pages)
2024-06-25 01:51:56.386 [main] WARN  com.rs.mv.mvvs.Startup - [LSP:100104]ROCKET MV BASIC EXTENSION exited
