2024-04-26 00:02:12.453 [pool-3-thread-1] INFO  com.rs.mv.mvvs.client.catalog.from.scan.CurrentPathScanner - [client:400205]scan file in current open file directory(F:/system/client/smiletech_appointment_system/database/seeders)
2024-04-26 00:02:13.821 [pool-3-thread-1] INFO  com.rs.mv.mvvs.client.catalog.from.scan.CurrentPathScanner - [client:400205]scan file in current open file directory(F:/system/client/smiletech_appointment_system/database/seeders)
2024-04-26 00:02:18.596 [pool-3-thread-1] INFO  com.rs.mv.mvvs.client.catalog.from.scan.CurrentPathScanner - [client:400205]scan file in current open file directory(F:/system/client/smiletech_appointment_system/resources/views/admin)
2024-04-26 00:03:33.028 [pool-3-thread-1] INFO  com.rs.mv.mvvs.client.catalog.from.scan.CurrentPathScanner - [client:400205]scan file in current open file directory(F:/system/client/smiletech_appointment_system/database/seeders)
2024-04-26 00:04:10.657 [pool-3-thread-1] INFO  com.rs.mv.mvvs.client.catalog.from.scan.CurrentPathScanner - [client:400205]scan file in current open file directory(F:/system/client/smiletech_appointment_system/resources/views/admin)
2024-04-26 00:13:09.551 [pool-3-thread-1] INFO  com.rs.mv.mvvs.client.catalog.from.scan.CurrentPathScanner - [client:400205]scan file in current open file directory(F:/system/client/smiletech_appointment_system/app/Http/Controllers)
2024-04-26 00:13:29.237 [pool-3-thread-1] INFO  com.rs.mv.mvvs.client.catalog.from.scan.CurrentPathScanner - [client:400205]scan file in current open file directory(F:/system/client/smiletech_appointment_system/resources/views/admin)
2024-04-26 00:13:43.707 [pool-3-thread-1] INFO  com.rs.mv.mvvs.client.catalog.from.scan.CurrentPathScanner - [client:400205]scan file in current open file directory(F:/system/client/smiletech_appointment_system/app/Models)
2024-04-26 00:14:13.866 [pool-3-thread-1] INFO  com.rs.mv.mvvs.client.catalog.from.scan.CurrentPathScanner - [client:400205]scan file in current open file directory(F:/system/client/smiletech_appointment_system/resources/views/admin)
2024-04-26 00:14:14.774 [pool-3-thread-1] INFO  com.rs.mv.mvvs.client.catalog.from.scan.CurrentPathScanner - [client:400205]scan file in current open file directory(F:/system/client/smiletech_appointment_system/app/Http/Controllers)
2024-04-26 00:14:29.022 [pool-3-thread-1] INFO  com.rs.mv.mvvs.client.catalog.from.scan.CurrentPathScanner - [client:400205]scan file in current open file directory(F:/system/client/smiletech_appointment_system/resources/views/admin)
2024-04-26 00:16:00.815 [pool-3-thread-1] INFO  com.rs.mv.mvvs.client.catalog.from.scan.CurrentPathScanner - [client:400205]scan file in current open file directory(F:/system/client/smiletech_appointment_system/app/Http/Controllers)
2024-04-26 00:19:58.351 [pool-3-thread-1] INFO  com.rs.mv.mvvs.client.catalog.from.scan.CurrentPathScanner - [client:400205]scan file in current open file directory(F:/system/client/smiletech_appointment_system/resources/views/admin)
2024-04-26 00:20:57.535 [pool-3-thread-1] INFO  com.rs.mv.mvvs.client.catalog.from.scan.CurrentPathScanner - [client:400205]scan file in current open file directory(F:/system/client/smiletech_appointment_system/app/Http/Controllers)
2024-04-26 00:22:52.113 [pool-3-thread-1] INFO  com.rs.mv.mvvs.client.catalog.from.scan.CurrentPathScanner - [client:400205]scan file in current open file directory(F:/system/client/smiletech_appointment_system/resources/views/admin)
2024-04-26 00:23:38.130 [pool-3-thread-1] INFO  com.rs.mv.mvvs.client.catalog.from.scan.CurrentPathScanner - [client:400205]scan file in current open file directory(F:/system/client/smiletech_appointment_system/app/Http/Controllers)
2024-04-26 00:23:41.908 [pool-3-thread-1] INFO  com.rs.mv.mvvs.client.catalog.from.scan.CurrentPathScanner - [client:400205]scan file in current open file directory(F:/system/client/smiletech_appointment_system/resources/views/admin)
2024-04-26 00:24:38.908 [pool-3-thread-1] INFO  com.rs.mv.mvvs.client.catalog.from.scan.CurrentPathScanner - [client:400205]scan file in current open file directory(F:/system/client/smiletech_appointment_system/app/Http/Controllers)
2024-04-26 00:24:59.201 [pool-3-thread-1] INFO  com.rs.mv.mvvs.client.catalog.from.scan.CurrentPathScanner - [client:400205]scan file in current open file directory(F:/system/client/smiletech_appointment_system/resources/views/admin)
2024-04-26 00:26:24.061 [pool-3-thread-1] INFO  com.rs.mv.mvvs.client.catalog.from.scan.CurrentPathScanner - [client:400205]scan file in current open file directory(F:/system/client/smiletech_appointment_system/database/seeders)
2024-04-26 00:27:28.168 [pool-3-thread-1] INFO  com.rs.mv.mvvs.client.catalog.from.scan.CurrentPathScanner - [client:400205]scan file in current open file directory(F:/system/client/smiletech_appointment_system/resources/views/admin)
2024-04-26 00:27:43.532 [pool-3-thread-1] INFO  com.rs.mv.mvvs.client.catalog.from.scan.CurrentPathScanner - [client:400205]scan file in current open file directory(F:/system/client/smiletech_appointment_system/app/Http/Controllers)
2024-04-26 00:27:44.509 [pool-3-thread-1] INFO  com.rs.mv.mvvs.client.catalog.from.scan.CurrentPathScanner - [client:400205]scan file in current open file directory(F:/system/client/smiletech_appointment_system/resources/views/admin)
2024-04-26 00:27:45.236 [pool-3-thread-1] INFO  com.rs.mv.mvvs.client.catalog.from.scan.CurrentPathScanner - [client:400205]scan file in current open file directory(F:/system/client/smiletech_appointment_system/database/seeders)
2024-04-26 00:27:48.509 [pool-3-thread-1] INFO  com.rs.mv.mvvs.client.catalog.from.scan.CurrentPathScanner - [client:400205]scan file in current open file directory(F:/system/client/smiletech_appointment_system/app/Http/Controllers)
2024-04-26 00:33:01.177 [pool-3-thread-1] INFO  com.rs.mv.mvvs.client.catalog.from.scan.CurrentPathScanner - [client:400205]scan file in current open file directory(F:/system/client/smiletech_appointment_system/resources/views/admin)
2024-04-26 00:33:04.091 [pool-3-thread-1] INFO  com.rs.mv.mvvs.client.catalog.from.scan.CurrentPathScanner - [client:400205]scan file in current open file directory(F:/system/client/smiletech_appointment_system/resources/views)
2024-04-26 00:33:56.893 [pool-3-thread-1] INFO  com.rs.mv.mvvs.client.catalog.from.scan.CurrentPathScanner - [client:400205]scan file in current open file directory(F:/system/client/smiletech_appointment_system/app/Http/Controllers)
2024-04-26 00:34:24.892 [pool-3-thread-1] INFO  com.rs.mv.mvvs.client.catalog.from.scan.CurrentPathScanner - [client:400205]scan file in current open file directory(F:/system/client/smiletech_appointment_system/resources/views/admin)
2024-04-26 00:34:25.359 [pool-3-thread-1] INFO  com.rs.mv.mvvs.client.catalog.from.scan.CurrentPathScanner - [client:400205]scan file in current open file directory(F:/system/client/smiletech_appointment_system/app/Http/Controllers)
2024-04-26 00:34:28.853 [pool-3-thread-1] INFO  com.rs.mv.mvvs.client.catalog.from.scan.CurrentPathScanner - [client:400205]scan file in current open file directory(F:/system/client/smiletech_appointment_system/app/Http/Controllers)
2024-04-26 00:34:50.000 [pool-3-thread-1] INFO  com.rs.mv.mvvs.client.catalog.from.scan.CurrentPathScanner - [client:400205]scan file in current open file directory(F:/system/client/smiletech_appointment_system/resources/views/admin)
2024-04-26 00:35:16.609 [pool-3-thread-1] INFO  com.rs.mv.mvvs.client.catalog.from.scan.CurrentPathScanner - [client:400205]scan file in current open file directory(F:/system/client/smiletech_appointment_system/resources/views)
2024-04-26 00:36:14.319 [pool-3-thread-1] INFO  com.rs.mv.mvvs.client.catalog.from.scan.CurrentPathScanner - [client:400205]scan file in current open file directory(F:/system/client/smiletech_appointment_system/app/Http/Controllers)
2024-04-26 00:36:25.873 [pool-3-thread-1] INFO  com.rs.mv.mvvs.client.catalog.from.scan.CurrentPathScanner - [client:400205]scan file in current open file directory(F:/system/client/smiletech_appointment_system/resources/views)
2024-04-26 00:36:54.600 [pool-3-thread-1] INFO  com.rs.mv.mvvs.client.catalog.from.scan.CurrentPathScanner - [client:400205]scan file in current open file directory(F:/system/client/smiletech_appointment_system/resources/views/admin)
2024-04-26 00:37:03.586 [pool-3-thread-1] INFO  com.rs.mv.mvvs.client.catalog.from.scan.CurrentPathScanner - [client:400205]scan file in current open file directory(F:/system/client/smiletech_appointment_system/resources/views)
2024-04-26 00:42:36.494 [pool-3-thread-1] INFO  com.rs.mv.mvvs.client.catalog.from.scan.CurrentPathScanner - [client:400205]scan file in current open file directory(F:/system/client/smiletech_appointment_system/resources/views/layouts)
2024-04-26 00:42:47.435 [pool-3-thread-1] INFO  com.rs.mv.mvvs.client.catalog.from.scan.CurrentPathScanner - [client:400205]scan file in current open file directory(F:/system/client/smiletech_appointment_system/resources/views)
2024-04-26 00:43:04.530 [pool-3-thread-1] INFO  com.rs.mv.mvvs.client.catalog.from.scan.CurrentPathScanner - [client:400205]scan file in current open file directory(F:/system/client/smiletech_appointment_system/resources/views/layouts)
2024-04-26 00:43:29.188 [pool-3-thread-1] INFO  com.rs.mv.mvvs.client.catalog.from.scan.CurrentPathScanner - [client:400205]scan file in current open file directory(F:/system/client/smiletech_appointment_system/app/Http/Controllers)
2024-04-26 00:43:34.499 [pool-3-thread-1] INFO  com.rs.mv.mvvs.client.catalog.from.scan.CurrentPathScanner - [client:400205]scan file in current open file directory(F:/system/client/smiletech_appointment_system/app/Http/Controllers)
2024-04-26 00:45:16.202 [pool-3-thread-1] INFO  com.rs.mv.mvvs.client.catalog.from.scan.CurrentPathScanner - [client:400205]scan file in current open file directory(F:/system/client/smiletech_appointment_system/resources/views/auth)
2024-04-26 00:45:47.974 [pool-3-thread-1] INFO  com.rs.mv.mvvs.client.catalog.from.scan.CurrentPathScanner - [client:400205]scan file in current open file directory(F:/system/client/smiletech_appointment_system/app/Http/Controllers)
2024-04-26 00:45:59.357 [pool-3-thread-1] INFO  com.rs.mv.mvvs.client.catalog.from.scan.CurrentPathScanner - [client:400205]scan file in current open file directory(F:/system/client/smiletech_appointment_system/resources/views/layouts)
2024-04-26 00:46:11.516 [pool-3-thread-1] INFO  com.rs.mv.mvvs.client.catalog.from.scan.CurrentPathScanner - [client:400205]scan file in current open file directory(F:/system/client/smiletech_appointment_system/resources/views)
2024-04-26 00:46:12.622 [pool-3-thread-1] INFO  com.rs.mv.mvvs.client.catalog.from.scan.CurrentPathScanner - [client:400205]scan file in current open file directory(F:/system/client/smiletech_appointment_system/resources/views/layouts)
2024-04-26 00:46:13.031 [pool-3-thread-1] INFO  com.rs.mv.mvvs.client.catalog.from.scan.CurrentPathScanner - [client:400205]scan file in current open file directory(F:/system/client/smiletech_appointment_system/app/Http/Controllers)
2024-04-26 00:46:30.822 [pool-3-thread-1] INFO  com.rs.mv.mvvs.client.catalog.from.scan.CurrentPathScanner - [client:400205]scan file in current open file directory(F:/system/client/smiletech_appointment_system/routes)
2024-04-26 00:48:45.256 [pool-3-thread-1] INFO  com.rs.mv.mvvs.client.catalog.from.scan.CurrentPathScanner - [client:400205]scan file in current open file directory(F:/system/client/smiletech_appointment_system/resources/views)
2024-04-26 00:48:49.656 [pool-3-thread-1] INFO  com.rs.mv.mvvs.client.catalog.from.scan.CurrentPathScanner - [client:400205]scan file in current open file directory(F:/system/client/smiletech_appointment_system/resources/views/layouts)
2024-04-26 00:48:53.776 [pool-3-thread-1] INFO  com.rs.mv.mvvs.client.catalog.from.scan.CurrentPathScanner - [client:400205]scan file in current open file directory(F:/system/client/smiletech_appointment_system/app/Http/Controllers)
2024-04-26 00:48:59.290 [pool-3-thread-1] INFO  com.rs.mv.mvvs.client.catalog.from.scan.CurrentPathScanner - [client:400205]scan file in current open file directory(F:/system/client/smiletech_appointment_system/resources/views/layouts)
2024-04-26 00:49:07.551 [pool-3-thread-1] INFO  com.rs.mv.mvvs.client.catalog.from.scan.CurrentPathScanner - [client:400205]scan file in current open file directory(F:/system/client/smiletech_appointment_system/app/Http/Controllers)
2024-04-26 00:49:46.425 [pool-3-thread-1] INFO  com.rs.mv.mvvs.client.catalog.from.scan.CurrentPathScanner - [client:400205]scan file in current open file directory(F:/system/client/smiletech_appointment_system/resources/views/layouts)
2024-04-26 00:49:49.536 [pool-3-thread-1] INFO  com.rs.mv.mvvs.client.catalog.from.scan.CurrentPathScanner - [client:400205]scan file in current open file directory(F:/system/client/smiletech_appointment_system/resources/views)
2024-04-26 00:49:54.224 [pool-3-thread-1] INFO  com.rs.mv.mvvs.client.catalog.from.scan.CurrentPathScanner - [client:400205]scan file in current open file directory(F:/system/client/smiletech_appointment_system/resources/views/layouts)
2024-04-26 00:50:01.776 [pool-3-thread-1] INFO  com.rs.mv.mvvs.client.catalog.from.scan.CurrentPathScanner - [client:400205]scan file in current open file directory(F:/system/client/smiletech_appointment_system/resources/views)
2024-04-26 00:50:03.145 [pool-3-thread-1] INFO  com.rs.mv.mvvs.client.catalog.from.scan.CurrentPathScanner - [client:400205]scan file in current open file directory(F:/system/client/smiletech_appointment_system/app/Http/Controllers)
2024-04-26 00:50:29.731 [pool-3-thread-1] INFO  com.rs.mv.mvvs.client.catalog.from.scan.CurrentPathScanner - [client:400205]scan file in current open file directory(F:/system/client/smiletech_appointment_system/resources/views/layouts)
2024-04-26 00:50:31.035 [pool-3-thread-1] INFO  com.rs.mv.mvvs.client.catalog.from.scan.CurrentPathScanner - [client:400205]scan file in current open file directory(F:/system/client/smiletech_appointment_system/routes)
2024-04-26 00:50:46.749 [pool-3-thread-1] INFO  com.rs.mv.mvvs.client.catalog.from.scan.CurrentPathScanner - [client:400205]scan file in current open file directory(F:/system/client/smiletech_appointment_system/resources/views)
2024-04-26 00:50:55.538 [pool-3-thread-1] INFO  com.rs.mv.mvvs.client.catalog.from.scan.CurrentPathScanner - [client:400205]scan file in current open file directory(F:/system/client/smiletech_appointment_system/app/Http/Controllers)
2024-04-26 00:50:56.377 [pool-3-thread-1] INFO  com.rs.mv.mvvs.client.catalog.from.scan.CurrentPathScanner - [client:400205]scan file in current open file directory(F:/system/client/smiletech_appointment_system/routes)
2024-04-26 00:50:57.899 [pool-3-thread-1] INFO  com.rs.mv.mvvs.client.catalog.from.scan.CurrentPathScanner - [client:400205]scan file in current open file directory(F:/system/client/smiletech_appointment_system/resources/views/layouts)
2024-04-26 00:51:08.345 [pool-3-thread-1] INFO  com.rs.mv.mvvs.client.catalog.from.scan.CurrentPathScanner - [client:400205]scan file in current open file directory(F:/system/client/smiletech_appointment_system/app/Http/Controllers)
2024-04-26 00:51:16.274 [pool-3-thread-1] INFO  com.rs.mv.mvvs.client.catalog.from.scan.CurrentPathScanner - [client:400205]scan file in current open file directory(F:/system/client/smiletech_appointment_system/app/Models)
2024-04-26 00:51:18.161 [pool-3-thread-1] INFO  com.rs.mv.mvvs.client.catalog.from.scan.CurrentPathScanner - [client:400205]scan file in current open file directory(F:/system/client/smiletech_appointment_system/app/Http/Controllers)
2024-04-26 00:51:28.368 [pool-3-thread-1] INFO  com.rs.mv.mvvs.client.catalog.from.scan.CurrentPathScanner - [client:400205]scan file in current open file directory(F:/system/client/smiletech_appointment_system/resources/views/auth)
2024-04-26 00:51:32.452 [pool-3-thread-1] INFO  com.rs.mv.mvvs.client.catalog.from.scan.CurrentPathScanner - [client:400205]scan file in current open file directory(F:/system/client/smiletech_appointment_system/app/Http/Controllers)
2024-04-26 00:51:34.332 [pool-3-thread-1] INFO  com.rs.mv.mvvs.client.catalog.from.scan.CurrentPathScanner - [client:400205]scan file in current open file directory(F:/system/client/smiletech_appointment_system/resources/views/layouts)
2024-04-26 00:51:36.324 [pool-3-thread-1] INFO  com.rs.mv.mvvs.client.catalog.from.scan.CurrentPathScanner - [client:400205]scan file in current open file directory(F:/system/client/smiletech_appointment_system/resources/views)
2024-04-26 00:51:42.644 [pool-3-thread-1] INFO  com.rs.mv.mvvs.client.catalog.from.scan.CurrentPathScanner - [client:400205]scan file in current open file directory(F:/system/client/smiletech_appointment_system/resources/views/layouts)
2024-04-26 00:51:44.389 [pool-3-thread-1] INFO  com.rs.mv.mvvs.client.catalog.from.scan.CurrentPathScanner - [client:400205]scan file in current open file directory(F:/system/client/smiletech_appointment_system/app/Http/Controllers)
2024-04-26 00:51:45.211 [pool-3-thread-1] INFO  com.rs.mv.mvvs.client.catalog.from.scan.CurrentPathScanner - [client:400205]scan file in current open file directory(F:/system/client/smiletech_appointment_system/resources/views/auth)
2024-04-26 00:51:55.757 [pool-3-thread-1] INFO  com.rs.mv.mvvs.client.catalog.from.scan.CurrentPathScanner - [client:400205]scan file in current open file directory(F:/system/client/smiletech_appointment_system/app/Http/Controllers)
2024-04-26 00:51:57.355 [pool-3-thread-1] INFO  com.rs.mv.mvvs.client.catalog.from.scan.CurrentPathScanner - [client:400205]scan file in current open file directory(F:/system/client/smiletech_appointment_system/resources/views/layouts)
2024-04-26 00:52:00.990 [pool-3-thread-1] INFO  com.rs.mv.mvvs.client.catalog.from.scan.CurrentPathScanner - [client:400205]scan file in current open file directory(F:/system/client/smiletech_appointment_system/resources/views)
2024-04-26 00:52:02.275 [pool-3-thread-1] INFO  com.rs.mv.mvvs.client.catalog.from.scan.CurrentPathScanner - [client:400205]scan file in current open file directory(F:/system/client/smiletech_appointment_system/routes)
2024-04-26 00:52:14.903 [pool-3-thread-1] INFO  com.rs.mv.mvvs.client.catalog.from.scan.CurrentPathScanner - [client:400205]scan file in current open file directory(F:/system/client/smiletech_appointment_system/resources/views/layouts)
2024-04-26 00:52:38.736 [pool-3-thread-1] INFO  com.rs.mv.mvvs.client.catalog.from.scan.CurrentPathScanner - [client:400205]scan file in current open file directory(F:/system/client/smiletech_appointment_system/app/Http/Controllers)
2024-04-26 00:52:52.097 [pool-3-thread-1] INFO  com.rs.mv.mvvs.client.catalog.from.scan.CurrentPathScanner - [client:400205]scan file in current open file directory(F:/system/client/smiletech_appointment_system/resources/views/layouts)
2024-04-26 00:53:28.845 [pool-3-thread-1] INFO  com.rs.mv.mvvs.client.catalog.from.scan.CurrentPathScanner - [client:400205]scan file in current open file directory(F:/system/client/smiletech_appointment_system/resources/views)
2024-04-26 00:53:46.414 [pool-3-thread-1] INFO  com.rs.mv.mvvs.client.catalog.from.scan.CurrentPathScanner - [client:400205]scan file in current open file directory(F:/system/client/smiletech_appointment_system/resources/views/layouts)
2024-04-26 00:53:52.785 [pool-3-thread-1] INFO  com.rs.mv.mvvs.client.catalog.from.scan.CurrentPathScanner - [client:400205]scan file in current open file directory(F:/system/client/smiletech_appointment_system/resources/views/admin)
2024-04-26 00:53:53.392 [pool-3-thread-1] INFO  com.rs.mv.mvvs.client.catalog.from.scan.CurrentPathScanner - [client:400205]scan file in current open file directory(F:/system/client/smiletech_appointment_system/resources/views)
2024-04-26 00:53:54.912 [pool-3-thread-1] INFO  com.rs.mv.mvvs.client.catalog.from.scan.CurrentPathScanner - [client:400205]scan file in current open file directory(F:/system/client/smiletech_appointment_system/routes)
2024-04-26 00:54:01.783 [pool-3-thread-1] INFO  com.rs.mv.mvvs.client.catalog.from.scan.CurrentPathScanner - [client:400205]scan file in current open file directory(F:/system/client/smiletech_appointment_system/resources/views)
2024-04-26 00:54:02.695 [pool-3-thread-1] INFO  com.rs.mv.mvvs.client.catalog.from.scan.CurrentPathScanner - [client:400205]scan file in current open file directory(F:/system/client/smiletech_appointment_system/resources/views/admin)
2024-04-26 00:54:04.497 [pool-3-thread-1] INFO  com.rs.mv.mvvs.client.catalog.from.scan.CurrentPathScanner - [client:400205]scan file in current open file directory(F:/system/client/smiletech_appointment_system/app/Http/Controllers)
2024-04-26 00:54:52.431 [pool-3-thread-1] INFO  com.rs.mv.mvvs.client.catalog.from.scan.CurrentPathScanner - [client:400205]scan file in current open file directory(F:/system/client/smiletech_appointment_system/routes)
2024-04-26 00:54:53.505 [pool-3-thread-1] INFO  com.rs.mv.mvvs.client.catalog.from.scan.CurrentPathScanner - [client:400205]scan file in current open file directory(F:/system/client/smiletech_appointment_system/routes)
2024-04-26 00:55:14.722 [pool-3-thread-1] INFO  com.rs.mv.mvvs.client.catalog.from.scan.CurrentPathScanner - [client:400205]scan file in current open file directory(F:/system/client/smiletech_appointment_system/app/Http/Controllers)
2024-04-26 00:55:17.772 [pool-3-thread-1] INFO  com.rs.mv.mvvs.client.catalog.from.scan.CurrentPathScanner - [client:400205]scan file in current open file directory(F:/system/client/smiletech_appointment_system/app/Http/Controllers/Auth)
2024-04-26 00:55:29.777 [pool-3-thread-1] INFO  com.rs.mv.mvvs.client.catalog.from.scan.CurrentPathScanner - [client:400205]scan file in current open file directory(F:/system/client/smiletech_appointment_system/routes)
2024-04-26 00:55:31.334 [pool-3-thread-1] INFO  com.rs.mv.mvvs.client.catalog.from.scan.CurrentPathScanner - [client:400205]scan file in current open file directory(F:/system/client/smiletech_appointment_system/app/Http/Controllers)
2024-04-26 00:55:35.082 [pool-3-thread-1] INFO  com.rs.mv.mvvs.client.catalog.from.scan.CurrentPathScanner - [client:400205]scan file in current open file directory(F:/system/client/smiletech_appointment_system/app/Http/Controllers/Auth)
2024-04-26 00:55:39.904 [pool-3-thread-1] INFO  com.rs.mv.mvvs.client.catalog.from.scan.CurrentPathScanner - [client:400205]scan file in current open file directory(F:/system/client/smiletech_appointment_system/routes)
2024-04-26 00:55:41.040 [pool-3-thread-1] INFO  com.rs.mv.mvvs.client.catalog.from.scan.CurrentPathScanner - [client:400205]scan file in current open file directory(F:/system/client/smiletech_appointment_system/app/Http/Controllers)
2024-04-26 00:55:44.560 [pool-3-thread-1] INFO  com.rs.mv.mvvs.client.catalog.from.scan.CurrentPathScanner - [client:400205]scan file in current open file directory(F:/system/client/smiletech_appointment_system/app/Http/Controllers/Auth)
2024-04-26 00:56:11.370 [pool-3-thread-1] INFO  com.rs.mv.mvvs.client.catalog.from.scan.CurrentPathScanner - [client:400205]scan file in current open file directory(F:/system/client/smiletech_appointment_system/resources/views/layouts)
2024-04-26 00:56:52.350 [pool-3-thread-1] INFO  com.rs.mv.mvvs.client.catalog.from.scan.CurrentPathScanner - [client:400205]scan file in current open file directory(F:/system/client/smiletech_appointment_system/routes)
2024-04-26 00:56:55.047 [pool-3-thread-1] INFO  com.rs.mv.mvvs.client.catalog.from.scan.CurrentPathScanner - [client:400205]scan file in current open file directory(F:/system/client/smiletech_appointment_system/resources/views/layouts)
2024-04-26 00:56:55.834 [pool-3-thread-1] INFO  com.rs.mv.mvvs.client.catalog.from.scan.CurrentPathScanner - [client:400205]scan file in current open file directory(F:/system/client/smiletech_appointment_system/app/Http/Controllers/Auth)
2024-04-26 00:56:56.522 [pool-3-thread-1] INFO  com.rs.mv.mvvs.client.catalog.from.scan.CurrentPathScanner - [client:400205]scan file in current open file directory(F:/system/client/smiletech_appointment_system/app/Http/Controllers)
2024-04-26 00:57:08.485 [pool-3-thread-1] INFO  com.rs.mv.mvvs.client.catalog.from.scan.CurrentPathScanner - [client:400205]scan file in current open file directory(F:/system/client/smiletech_appointment_system/app/Http/Controllers/Auth)
2024-04-26 00:57:14.221 [pool-3-thread-1] INFO  com.rs.mv.mvvs.client.catalog.from.scan.CurrentPathScanner - [client:400205]scan file in current open file directory(F:/system/client/smiletech_appointment_system/app/Http/Controllers)
2024-04-26 00:57:17.331 [pool-3-thread-1] INFO  com.rs.mv.mvvs.client.catalog.from.scan.CurrentPathScanner - [client:400205]scan file in current open file directory(F:/system/client/smiletech_appointment_system/resources/views/layouts)
2024-04-26 00:57:19.119 [pool-3-thread-1] INFO  com.rs.mv.mvvs.client.catalog.from.scan.CurrentPathScanner - [client:400205]scan file in current open file directory(F:/system/client/smiletech_appointment_system/resources/views)
2024-04-26 00:57:37.588 [pool-3-thread-1] INFO  com.rs.mv.mvvs.client.catalog.from.scan.CurrentPathScanner - [client:400205]scan file in current open file directory(F:/system/client/smiletech_appointment_system/resources/views/layouts)
2024-04-26 00:58:01.384 [pool-3-thread-1] INFO  com.rs.mv.mvvs.client.catalog.from.scan.CurrentPathScanner - [client:400205]scan file in current open file directory(F:/system/client/smiletech_appointment_system/app/Http/Controllers/Auth)
2024-04-26 00:58:10.948 [pool-3-thread-1] INFO  com.rs.mv.mvvs.client.catalog.from.scan.CurrentPathScanner - [client:400205]scan file in current open file directory(F:/system/client/smiletech_appointment_system/resources/views/layouts)
2024-04-26 00:58:11.756 [pool-3-thread-1] INFO  com.rs.mv.mvvs.client.catalog.from.scan.CurrentPathScanner - [client:400205]scan file in current open file directory(F:/system/client/smiletech_appointment_system/resources/views)
2024-04-26 00:58:12.532 [pool-3-thread-1] INFO  com.rs.mv.mvvs.client.catalog.from.scan.CurrentPathScanner - [client:400205]scan file in current open file directory(F:/system/client/smiletech_appointment_system/resources/views/admin)
2024-04-26 00:58:13.445 [pool-3-thread-1] INFO  com.rs.mv.mvvs.client.catalog.from.scan.CurrentPathScanner - [client:400205]scan file in current open file directory(F:/system/client/smiletech_appointment_system/app/Http/Controllers)
2024-04-26 00:58:16.502 [pool-3-thread-1] INFO  com.rs.mv.mvvs.client.catalog.from.scan.CurrentPathScanner - [client:400205]scan file in current open file directory(F:/system/client/smiletech_appointment_system/app/Http/Controllers/Auth)
2024-04-26 00:58:32.164 [pool-3-thread-1] INFO  com.rs.mv.mvvs.client.catalog.from.scan.CurrentPathScanner - [client:400205]scan file in current open file directory(F:/system/client/smiletech_appointment_system/app/Http/Controllers)
2024-04-26 00:58:38.639 [pool-3-thread-1] INFO  com.rs.mv.mvvs.client.catalog.from.scan.CurrentPathScanner - [client:400205]scan file in current open file directory(F:/system/client/smiletech_appointment_system/app/Http/Controllers)
2024-04-26 00:58:41.357 [pool-3-thread-1] INFO  com.rs.mv.mvvs.client.catalog.from.scan.CurrentPathScanner - [client:400205]scan file in current open file directory(F:/system/client/smiletech_appointment_system/app/Http/Controllers/Auth)
2024-04-26 00:58:46.500 [pool-3-thread-1] INFO  com.rs.mv.mvvs.client.catalog.from.scan.CurrentPathScanner - [client:400205]scan file in current open file directory(F:/system/client/smiletech_appointment_system/app/Http/Controllers)
2024-04-26 00:58:49.290 [pool-3-thread-1] INFO  com.rs.mv.mvvs.client.catalog.from.scan.CurrentPathScanner - [client:400205]scan file in current open file directory(F:/system/client/smiletech_appointment_system/app/Http/Controllers/Auth)
2024-04-26 00:58:54.631 [pool-3-thread-1] INFO  com.rs.mv.mvvs.client.catalog.from.scan.CurrentPathScanner - [client:400205]scan file in current open file directory(F:/system/client/smiletech_appointment_system/app/Http/Controllers)
2024-04-26 00:58:55.533 [pool-3-thread-1] INFO  com.rs.mv.mvvs.client.catalog.from.scan.CurrentPathScanner - [client:400205]scan file in current open file directory(F:/system/client/smiletech_appointment_system/resources/views/layouts)
2024-04-26 00:59:04.793 [pool-3-thread-1] INFO  com.rs.mv.mvvs.client.catalog.from.scan.CurrentPathScanner - [client:400205]scan file in current open file directory(F:/system/client/smiletech_appointment_system/resources/views/layouts)
2024-04-26 00:59:31.742 [pool-3-thread-1] INFO  com.rs.mv.mvvs.client.catalog.from.scan.CurrentPathScanner - [client:400205]scan file in current open file directory(F:/system/client/smiletech_appointment_system/resources/views/layouts)
2024-04-26 01:01:48.600 [main] WARN  com.rs.mv.mvvs.Startup - [LSP:100104]ROCKET MV BASIC EXTENSION exited
