2024-05-07 00:10:31.440 [pool-3-thread-1] INFO  com.rs.mv.mvvs.client.catalog.from.scan.CurrentPathScanner - [client:400205]scan file in current open file directory(F:/system/client/smiletech_appointment_system/storage/logs)
2024-05-07 00:11:27.659 [pool-3-thread-1] INFO  com.rs.mv.mvvs.client.catalog.from.scan.CurrentPathScanner - [client:400205]scan file in current open file directory(F:/system/client/smiletech_appointment_system/resources/views/admin)
2024-05-07 00:11:30.604 [pool-3-thread-1] INFO  com.rs.mv.mvvs.client.catalog.from.scan.CurrentPathScanner - [client:400205]scan file in current open file directory(F:/system/client/smiletech_appointment_system/app/Http/Controllers)
2024-05-07 00:11:31.138 [pool-3-thread-1] INFO  com.rs.mv.mvvs.client.catalog.from.scan.CurrentPathScanner - [client:400205]scan file in current open file directory(F:/system/client/smiletech_appointment_system/resources/views/admin)
2024-05-07 00:11:32.635 [pool-3-thread-1] INFO  com.rs.mv.mvvs.client.catalog.from.scan.CurrentPathScanner - [client:400205]scan file in current open file directory(F:/system/client/smiletech_appointment_system/app/Http/Controllers)
2024-05-07 00:11:33.339 [pool-3-thread-1] INFO  com.rs.mv.mvvs.client.catalog.from.scan.CurrentPathScanner - [client:400205]scan file in current open file directory(F:/system/client/smiletech_appointment_system/app/Http/Controllers)
2024-05-07 00:11:34.354 [pool-3-thread-1] INFO  com.rs.mv.mvvs.client.catalog.from.scan.CurrentPathScanner - [client:400205]scan file in current open file directory(F:/system/client/smiletech_appointment_system/app/Http/Controllers)
2024-05-07 00:11:46.063 [pool-3-thread-1] INFO  com.rs.mv.mvvs.client.catalog.from.scan.CurrentPathScanner - [client:400205]scan file in current open file directory(F:/system/client/smiletech_appointment_system/resources/views/dentist)
2024-05-07 00:12:09.156 [pool-3-thread-1] INFO  com.rs.mv.mvvs.client.catalog.from.scan.CurrentPathScanner - [client:400205]scan file in current open file directory(F:/system/client/smiletech_appointment_system/routes)
2024-05-07 00:13:29.270 [pool-3-thread-1] INFO  com.rs.mv.mvvs.client.catalog.from.scan.CurrentPathScanner - [client:400205]scan file in current open file directory(F:/system/client/smiletech_appointment_system/app/Http/Controllers)
2024-05-07 00:16:22.812 [pool-3-thread-1] INFO  com.rs.mv.mvvs.client.catalog.from.scan.CurrentPathScanner - [client:400205]scan file in current open file directory(F:/system/client/smiletech_appointment_system/app/Http/Controllers)
2024-05-07 00:16:33.337 [pool-3-thread-1] INFO  com.rs.mv.mvvs.client.catalog.from.scan.CurrentPathScanner - [client:400205]scan file in current open file directory(F:/system/client/smiletech_appointment_system/resources/views/dentist)
2024-05-07 00:16:33.931 [pool-3-thread-1] INFO  com.rs.mv.mvvs.client.catalog.from.scan.CurrentPathScanner - [client:400205]scan file in current open file directory(F:/system/client/smiletech_appointment_system/app/Http/Controllers)
2024-05-07 00:18:16.301 [pool-3-thread-1] INFO  com.rs.mv.mvvs.client.catalog.from.scan.CurrentPathScanner - [client:400205]scan file in current open file directory(F:/system/client/smiletech_appointment_system/resources/views/dentist)
2024-05-07 00:18:29.952 [pool-3-thread-1] INFO  com.rs.mv.mvvs.client.catalog.from.scan.CurrentPathScanner - [client:400205]scan file in current open file directory(F:/system/client/smiletech_appointment_system/app/Http/Controllers)
2024-05-07 00:18:33.451 [pool-3-thread-1] INFO  com.rs.mv.mvvs.client.catalog.from.scan.CurrentPathScanner - [client:400205]scan file in current open file directory(F:/system/client/smiletech_appointment_system/resources/views/dentist)
2024-05-07 00:18:35.964 [pool-3-thread-1] INFO  com.rs.mv.mvvs.client.catalog.from.scan.CurrentPathScanner - [client:400205]scan file in current open file directory(F:/system/client/smiletech_appointment_system/app/Http/Controllers)
2024-05-07 00:19:12.047 [pool-3-thread-1] INFO  com.rs.mv.mvvs.client.catalog.from.scan.CurrentPathScanner - [client:400205]scan file in current open file directory(F:/system/client/smiletech_appointment_system/resources/views/dentist)
2024-05-07 00:19:14.087 [pool-3-thread-1] INFO  com.rs.mv.mvvs.client.catalog.from.scan.CurrentPathScanner - [client:400205]scan file in current open file directory(F:/system/client/smiletech_appointment_system/app/Http/Controllers)
2024-05-07 00:19:16.784 [pool-3-thread-1] INFO  com.rs.mv.mvvs.client.catalog.from.scan.CurrentPathScanner - [client:400205]scan file in current open file directory(F:/system/client/smiletech_appointment_system/resources/views/admin)
2024-05-07 00:19:25.958 [pool-3-thread-1] INFO  com.rs.mv.mvvs.client.catalog.from.scan.CurrentPathScanner - [client:400205]scan file in current open file directory(F:/system/client/smiletech_appointment_system/resources/views/layouts)
2024-05-07 00:19:57.680 [pool-3-thread-1] INFO  com.rs.mv.mvvs.client.catalog.from.scan.CurrentPathScanner - [client:400205]scan file in current open file directory(F:/system/client/smiletech_appointment_system/resources/views/admin)
2024-05-07 00:20:16.375 [pool-3-thread-1] INFO  com.rs.mv.mvvs.client.catalog.from.scan.CurrentPathScanner - [client:400205]scan file in current open file directory(F:/system/client/smiletech_appointment_system/resources/views/layouts)
2024-05-07 00:20:41.543 [pool-3-thread-1] INFO  com.rs.mv.mvvs.client.catalog.from.scan.CurrentPathScanner - [client:400205]scan file in current open file directory(F:/system/client/smiletech_appointment_system/public/js/dashboard)
2024-05-07 00:21:14.999 [pool-3-thread-1] INFO  com.rs.mv.mvvs.client.catalog.from.scan.CurrentPathScanner - [client:400205]scan file in current open file directory(F:/system/client/smiletech_appointment_system/resources/views/admin)
2024-05-07 00:21:17.781 [pool-3-thread-1] INFO  com.rs.mv.mvvs.client.catalog.from.scan.CurrentPathScanner - [client:400205]scan file in current open file directory(F:/system/client/smiletech_appointment_system/public/js/dashboard)
2024-05-07 00:22:07.931 [pool-3-thread-1] INFO  com.rs.mv.mvvs.client.catalog.from.scan.CurrentPathScanner - [client:400205]scan file in current open file directory(F:/system/client/smiletech_appointment_system/resources/views/admin)
2024-05-07 00:24:07.525 [pool-3-thread-1] INFO  com.rs.mv.mvvs.client.catalog.from.scan.CurrentPathScanner - [client:400205]scan file in current open file directory(F:/system/client/smiletech_appointment_system/app/Http/Controllers)
2024-05-07 00:24:42.318 [pool-3-thread-1] INFO  com.rs.mv.mvvs.client.catalog.from.scan.CurrentPathScanner - [client:400205]scan file in current open file directory(F:/system/client/smiletech_appointment_system/public/js/dashboard)
2024-05-07 00:25:06.103 [pool-3-thread-1] INFO  com.rs.mv.mvvs.client.catalog.from.scan.CurrentPathScanner - [client:400205]scan file in current open file directory(F:/system/client/smiletech_appointment_system/app/Http/Controllers)
2024-05-07 00:25:07.239 [pool-3-thread-1] INFO  com.rs.mv.mvvs.client.catalog.from.scan.CurrentPathScanner - [client:400205]scan file in current open file directory(F:/system/client/smiletech_appointment_system/public/js/dashboard)
2024-05-07 00:25:27.534 [pool-3-thread-1] INFO  com.rs.mv.mvvs.client.catalog.from.scan.CurrentPathScanner - [client:400205]scan file in current open file directory(F:/system/client/smiletech_appointment_system/resources/views/admin)
2024-05-07 00:26:20.108 [pool-3-thread-1] INFO  com.rs.mv.mvvs.client.catalog.from.scan.CurrentPathScanner - [client:400205]scan file in current open file directory(F:/system/client/smiletech_appointment_system/routes)
2024-05-07 00:27:47.481 [pool-3-thread-1] INFO  com.rs.mv.mvvs.client.catalog.from.scan.CurrentPathScanner - [client:400205]scan file in current open file directory(F:/system/client/smiletech_appointment_system/app/Http/Controllers)
2024-05-07 00:28:17.317 [pool-3-thread-1] INFO  com.rs.mv.mvvs.client.catalog.from.scan.CurrentPathScanner - [client:400205]scan file in current open file directory(F:/system/client/smiletech_appointment_system/public/js/dashboard)
2024-05-07 00:28:18.486 [pool-3-thread-1] INFO  com.rs.mv.mvvs.client.catalog.from.scan.CurrentPathScanner - [client:400205]scan file in current open file directory(F:/system/client/smiletech_appointment_system/resources/views/admin)
2024-05-07 00:30:09.939 [pool-3-thread-1] INFO  com.rs.mv.mvvs.client.catalog.from.scan.CurrentPathScanner - [client:400205]scan file in current open file directory(F:/system/client/smiletech_appointment_system/app/Http/Controllers)
2024-05-07 00:31:06.586 [pool-3-thread-1] INFO  com.rs.mv.mvvs.client.catalog.from.scan.CurrentPathScanner - [client:400205]scan file in current open file directory(F:/system/client/smiletech_appointment_system/routes)
2024-05-07 00:31:19.884 [pool-3-thread-1] INFO  com.rs.mv.mvvs.client.catalog.from.scan.CurrentPathScanner - [client:400205]scan file in current open file directory(F:/system/client/smiletech_appointment_system/resources/views/admin)
2024-05-07 00:34:51.825 [pool-3-thread-1] INFO  com.rs.mv.mvvs.client.catalog.from.scan.CurrentPathScanner - [client:400205]scan file in current open file directory(F:/system/client/smiletech_appointment_system/app/Http/Controllers)
2024-05-07 00:35:45.756 [pool-3-thread-1] INFO  com.rs.mv.mvvs.client.catalog.from.scan.CurrentPathScanner - [client:400205]scan file in current open file directory(F:/system/client/smiletech_appointment_system/resources/views/admin)
2024-05-07 00:36:46.139 [pool-3-thread-1] INFO  com.rs.mv.mvvs.client.catalog.from.scan.CurrentPathScanner - [client:400205]scan file in current open file directory(F:/system/client/smiletech_appointment_system/app/Http/Controllers)
2024-05-07 00:39:01.824 [pool-3-thread-1] INFO  com.rs.mv.mvvs.client.catalog.from.scan.CurrentPathScanner - [client:400205]scan file in current open file directory(F:/system/client/smiletech_appointment_system/resources/views/admin)
2024-05-07 00:40:09.190 [pool-3-thread-1] INFO  com.rs.mv.mvvs.client.catalog.from.scan.CurrentPathScanner - [client:400205]scan file in current open file directory(F:/system/client/smiletech_appointment_system/app/Http/Controllers)
2024-05-07 00:41:01.498 [pool-3-thread-1] INFO  com.rs.mv.mvvs.client.catalog.from.scan.CurrentPathScanner - [client:400205]scan file in current open file directory(F:/system/client/smiletech_appointment_system/public/js/dashboard)
2024-05-07 00:41:05.321 [pool-3-thread-1] INFO  com.rs.mv.mvvs.client.catalog.from.scan.CurrentPathScanner - [client:400205]scan file in current open file directory(F:/system/client/smiletech_appointment_system/resources/views/admin)
2024-05-07 00:52:09.752 [pool-3-thread-1] INFO  com.rs.mv.mvvs.client.catalog.from.scan.CurrentPathScanner - [client:400205]scan file in current open file directory(F:/system/client/smiletech_appointment_system/.git)
2024-05-07 00:53:14.280 [pool-3-thread-1] INFO  com.rs.mv.mvvs.client.catalog.from.scan.CurrentPathScanner - [client:400205]scan file in current open file directory(F:/system/client/smiletech_appointment_system/.git)
