2024-04-22 00:00:15.094 [pool-3-thread-1] INFO  com.rs.mv.mvvs.client.catalog.from.scan.CurrentPathScanner - [client:400205]scan file in current open file directory(F:/system/client/smiletech_appointment_system/resources/views/admin)
2024-04-22 00:01:34.962 [pool-3-thread-1] INFO  com.rs.mv.mvvs.client.catalog.from.scan.CurrentPathScanner - [client:400205]scan file in current open file directory(F:/system/client/smiletech_appointment_system/public/js)
2024-04-22 00:01:44.383 [pool-3-thread-1] INFO  com.rs.mv.mvvs.client.catalog.from.scan.CurrentPathScanner - [client:400205]scan file in current open file directory(F:/system/client/smiletech_appointment_system/resources/views/admin)
2024-04-22 00:02:09.731 [pool-3-thread-1] INFO  com.rs.mv.mvvs.client.catalog.from.scan.CurrentPathScanner - [client:400205]scan file in current open file directory(F:/system/client/smiletech_appointment_system/resources/views/layouts)
2024-04-22 00:02:33.484 [pool-3-thread-1] INFO  com.rs.mv.mvvs.client.catalog.from.scan.CurrentPathScanner - [client:400205]scan file in current open file directory(F:/system/client/smiletech_appointment_system/resources/views/admin)
2024-04-22 00:03:59.040 [pool-3-thread-1] INFO  com.rs.mv.mvvs.client.catalog.from.scan.CurrentPathScanner - [client:400205]scan file in current open file directory(F:/system/client/smiletech_appointment_system/app/Http/Controllers)
2024-04-22 00:04:02.768 [pool-3-thread-1] INFO  com.rs.mv.mvvs.client.catalog.from.scan.CurrentPathScanner - [client:400205]scan file in current open file directory(F:/system/client/smiletech_appointment_system/resources/views/admin)
2024-04-22 00:04:43.144 [pool-3-thread-1] INFO  com.rs.mv.mvvs.client.catalog.from.scan.CurrentPathScanner - [client:400205]scan file in current open file directory(F:/system/client/smiletech_appointment_system/resources/views/admin)
2024-04-22 00:04:45.518 [pool-3-thread-1] INFO  com.rs.mv.mvvs.client.catalog.from.scan.CurrentPathScanner - [client:400205]scan file in current open file directory(F:/system/client/smiletech_appointment_system/routes)
2024-04-22 00:05:48.846 [pool-3-thread-1] INFO  com.rs.mv.mvvs.client.catalog.from.scan.CurrentPathScanner - [client:400205]scan file in current open file directory(F:/system/client/smiletech_appointment_system/resources/views/admin)
2024-04-22 00:05:49.846 [pool-3-thread-1] INFO  com.rs.mv.mvvs.client.catalog.from.scan.CurrentPathScanner - [client:400205]scan file in current open file directory(F:/system/client/smiletech_appointment_system/app/Http/Controllers)
2024-04-22 00:06:12.984 [pool-3-thread-1] INFO  com.rs.mv.mvvs.client.catalog.from.scan.CurrentPathScanner - [client:400205]scan file in current open file directory(F:/system/client/smiletech_appointment_system/app/Http/Controllers)
2024-04-22 00:07:46.122 [pool-3-thread-1] INFO  com.rs.mv.mvvs.client.catalog.from.scan.CurrentPathScanner - [client:400205]scan file in current open file directory(F:/system/client/smiletech_appointment_system/app/Http/Controllers)
2024-04-22 00:08:01.761 [pool-3-thread-1] INFO  com.rs.mv.mvvs.client.catalog.from.scan.CurrentPathScanner - [client:400205]scan file in current open file directory(F:/system/client/smiletech_appointment_system/app/Http/Controllers)
2024-04-22 00:08:09.182 [pool-3-thread-1] INFO  com.rs.mv.mvvs.client.catalog.from.scan.CurrentPathScanner - [client:400205]scan file in current open file directory(F:/system/client/smiletech_appointment_system/app/Http/Controllers)
2024-04-22 00:08:15.287 [pool-3-thread-1] INFO  com.rs.mv.mvvs.client.catalog.from.scan.CurrentPathScanner - [client:400205]scan file in current open file directory(F:/system/client/smiletech_appointment_system/app/Models)
2024-04-22 00:08:45.082 [pool-3-thread-1] INFO  com.rs.mv.mvvs.client.catalog.from.scan.CurrentPathScanner - [client:400205]scan file in current open file directory(F:/system/client/smiletech_appointment_system/app/Models)
2024-04-22 00:08:50.900 [pool-3-thread-1] INFO  com.rs.mv.mvvs.client.catalog.from.scan.CurrentPathScanner - [client:400205]scan file in current open file directory(F:/system/client/smiletech_appointment_system/database/migrations)
2024-04-22 00:09:28.914 [pool-3-thread-1] INFO  com.rs.mv.mvvs.client.catalog.from.scan.CurrentPathScanner - [client:400205]scan file in current open file directory(F:/system/client/smiletech_appointment_system/app/Http/Controllers)
2024-04-22 00:09:36.957 [pool-3-thread-1] INFO  com.rs.mv.mvvs.client.catalog.from.scan.CurrentPathScanner - [client:400205]scan file in current open file directory(F:/system/client/smiletech_appointment_system/app/Models)
2024-04-22 00:09:38.708 [pool-3-thread-1] INFO  com.rs.mv.mvvs.client.catalog.from.scan.CurrentPathScanner - [client:400205]scan file in current open file directory(F:/system/client/smiletech_appointment_system/app/Models)
2024-04-22 00:09:41.076 [pool-3-thread-1] INFO  com.rs.mv.mvvs.client.catalog.from.scan.CurrentPathScanner - [client:400205]scan file in current open file directory(F:/system/client/smiletech_appointment_system/app/Models)
2024-04-22 00:10:10.852 [pool-3-thread-1] INFO  com.rs.mv.mvvs.client.catalog.from.scan.CurrentPathScanner - [client:400205]scan file in current open file directory(F:/system/client/smiletech_appointment_system/app/Models)
2024-04-22 00:10:15.888 [pool-3-thread-1] INFO  com.rs.mv.mvvs.client.catalog.from.scan.CurrentPathScanner - [client:400205]scan file in current open file directory(F:/system/client/smiletech_appointment_system/app/Http/Controllers)
2024-04-22 00:10:33.411 [pool-3-thread-1] INFO  com.rs.mv.mvvs.client.catalog.from.scan.CurrentPathScanner - [client:400205]scan file in current open file directory(F:/system/client/smiletech_appointment_system/resources/views/admin)
2024-04-22 00:10:38.935 [pool-3-thread-1] INFO  com.rs.mv.mvvs.client.catalog.from.scan.CurrentPathScanner - [client:400205]scan file in current open file directory(F:/system/client/smiletech_appointment_system/resources/views/layouts)
2024-04-22 00:11:54.609 [pool-3-thread-1] INFO  com.rs.mv.mvvs.client.catalog.from.scan.CurrentPathScanner - [client:400205]scan file in current open file directory(F:/system/client/smiletech_appointment_system/resources/views/layouts)
2024-04-22 00:12:07.941 [pool-3-thread-1] INFO  com.rs.mv.mvvs.client.catalog.from.scan.CurrentPathScanner - [client:400205]scan file in current open file directory(F:/system/client/smiletech_appointment_system/resources/views/layouts)
2024-04-22 00:12:41.218 [pool-3-thread-1] INFO  com.rs.mv.mvvs.client.catalog.from.scan.CurrentPathScanner - [client:400205]scan file in current open file directory(F:/system/client/smiletech_appointment_system/resources/views/layouts)
2024-04-22 00:13:04.305 [pool-3-thread-1] INFO  com.rs.mv.mvvs.client.catalog.from.scan.CurrentPathScanner - [client:400205]scan file in current open file directory(F:/system/client/smiletech_appointment_system/public/js)
2024-04-22 00:13:06.384 [pool-3-thread-1] INFO  com.rs.mv.mvvs.client.catalog.from.scan.CurrentPathScanner - [client:400205]scan file in current open file directory(F:/system/client/smiletech_appointment_system/resources/views/layouts)
2024-04-22 00:13:20.906 [pool-3-thread-1] INFO  com.rs.mv.mvvs.client.catalog.from.scan.CurrentPathScanner - [client:400205]scan file in current open file directory(F:/system/client/smiletech_appointment_system/public/css)
2024-04-22 00:13:22.498 [pool-3-thread-1] INFO  com.rs.mv.mvvs.client.catalog.from.scan.CurrentPathScanner - [client:400205]scan file in current open file directory(F:/system/client/smiletech_appointment_system/resources/views/layouts)
2024-04-22 00:14:11.607 [pool-3-thread-1] INFO  com.rs.mv.mvvs.client.catalog.from.scan.CurrentPathScanner - [client:400205]scan file in current open file directory(F:/system/client/smiletech_appointment_system/resources/views/layouts)
2024-04-22 00:14:30.898 [pool-3-thread-1] INFO  com.rs.mv.mvvs.client.catalog.from.scan.CurrentPathScanner - [client:400205]scan file in current open file directory(F:/system/client/smiletech_appointment_system/resources/views/layouts)
2024-04-22 00:14:32.221 [pool-3-thread-1] INFO  com.rs.mv.mvvs.client.catalog.from.scan.CurrentPathScanner - [client:400205]scan file in current open file directory(F:/system/client/smiletech_appointment_system/resources/views/admin)
2024-04-22 00:15:18.913 [pool-3-thread-1] INFO  com.rs.mv.mvvs.client.catalog.from.scan.CurrentPathScanner - [client:400205]scan file in current open file directory(F:/system/client/smiletech_appointment_system/resources/views/layouts)
2024-04-22 00:15:27.082 [pool-3-thread-1] INFO  com.rs.mv.mvvs.client.catalog.from.scan.CurrentPathScanner - [client:400205]scan file in current open file directory(F:/system/client/smiletech_appointment_system/resources/views/admin)
2024-04-22 00:15:29.390 [pool-3-thread-1] INFO  com.rs.mv.mvvs.client.catalog.from.scan.CurrentPathScanner - [client:400205]scan file in current open file directory(F:/system/client/smiletech_appointment_system/resources/views/layouts)
2024-04-22 00:15:37.344 [pool-3-thread-1] INFO  com.rs.mv.mvvs.client.catalog.from.scan.CurrentPathScanner - [client:400205]scan file in current open file directory(F:/system/client/smiletech_appointment_system/resources/views/admin)
2024-04-22 00:16:00.647 [pool-3-thread-1] INFO  com.rs.mv.mvvs.client.catalog.from.scan.CurrentPathScanner - [client:400205]scan file in current open file directory(F:/system/client/smiletech_appointment_system/resources/views/layouts)
2024-04-22 00:16:10.759 [pool-3-thread-1] INFO  com.rs.mv.mvvs.client.catalog.from.scan.CurrentPathScanner - [client:400205]scan file in current open file directory(F:/system/client/smiletech_appointment_system/resources/views/admin)
2024-04-22 00:16:14.351 [pool-3-thread-1] INFO  com.rs.mv.mvvs.client.catalog.from.scan.CurrentPathScanner - [client:400205]scan file in current open file directory(F:/system/client/smiletech_appointment_system/resources/views/layouts)
2024-04-22 00:16:16.920 [pool-3-thread-1] INFO  com.rs.mv.mvvs.client.catalog.from.scan.CurrentPathScanner - [client:400205]scan file in current open file directory(F:/system/client/smiletech_appointment_system/resources/views/admin)
2024-04-22 00:16:19.214 [pool-3-thread-1] INFO  com.rs.mv.mvvs.client.catalog.from.scan.CurrentPathScanner - [client:400205]scan file in current open file directory(F:/system/client/smiletech_appointment_system/resources/views/layouts)
2024-04-22 00:17:12.260 [pool-3-thread-1] INFO  com.rs.mv.mvvs.client.catalog.from.scan.CurrentPathScanner - [client:400205]scan file in current open file directory(F:/system/client/smiletech_appointment_system/resources/views/admin)
2024-04-22 00:17:33.854 [pool-3-thread-1] INFO  com.rs.mv.mvvs.client.catalog.from.scan.CurrentPathScanner - [client:400205]scan file in current open file directory(F:/system/client/smiletech_appointment_system/resources/views/layouts)
2024-04-22 00:17:46.992 [pool-3-thread-1] INFO  com.rs.mv.mvvs.client.catalog.from.scan.CurrentPathScanner - [client:400205]scan file in current open file directory(F:/system/client/smiletech_appointment_system/resources/views/admin)
2024-04-22 00:18:10.479 [pool-3-thread-1] INFO  com.rs.mv.mvvs.client.catalog.from.scan.CurrentPathScanner - [client:400205]scan file in current open file directory(F:/system/client/smiletech_appointment_system/resources/views/layouts)
2024-04-22 00:18:24.677 [pool-3-thread-1] INFO  com.rs.mv.mvvs.client.catalog.from.scan.CurrentPathScanner - [client:400205]scan file in current open file directory(F:/system/client/smiletech_appointment_system/resources/views/admin)
2024-04-22 00:18:52.301 [pool-3-thread-1] INFO  com.rs.mv.mvvs.client.catalog.from.scan.CurrentPathScanner - [client:400205]scan file in current open file directory(F:/system/client/smiletech_appointment_system/resources/views/layouts)
2024-04-22 00:18:56.531 [pool-3-thread-1] INFO  com.rs.mv.mvvs.client.catalog.from.scan.CurrentPathScanner - [client:400205]scan file in current open file directory(F:/system/client/smiletech_appointment_system/resources/views/admin)
2024-04-22 00:18:58.666 [pool-3-thread-1] INFO  com.rs.mv.mvvs.client.catalog.from.scan.CurrentPathScanner - [client:400205]scan file in current open file directory(F:/system/client/smiletech_appointment_system/resources/views/layouts)
2024-04-22 00:20:55.025 [pool-3-thread-1] INFO  com.rs.mv.mvvs.client.catalog.from.scan.CurrentPathScanner - [client:400205]scan file in current open file directory(F:/system/client/smiletech_appointment_system/resources/views/admin)
2024-04-22 00:22:11.562 [pool-3-thread-1] INFO  com.rs.mv.mvvs.client.catalog.from.scan.CurrentPathScanner - [client:400205]scan file in current open file directory(F:/system/client/smiletech_appointment_system/resources/views/layouts)
2024-04-22 00:22:42.448 [pool-3-thread-1] INFO  com.rs.mv.mvvs.client.catalog.from.scan.CurrentPathScanner - [client:400205]scan file in current open file directory(F:/system/client/smiletech_appointment_system/resources/views/admin)
2024-04-22 00:22:52.723 [pool-3-thread-1] INFO  com.rs.mv.mvvs.client.catalog.from.scan.CurrentPathScanner - [client:400205]scan file in current open file directory(F:/system/client/smiletech_appointment_system/resources/views/admin)
2024-04-22 00:22:54.015 [pool-3-thread-1] INFO  com.rs.mv.mvvs.client.catalog.from.scan.CurrentPathScanner - [client:400205]scan file in current open file directory(F:/system/client/smiletech_appointment_system/resources/views/layouts)
2024-04-22 00:23:39.892 [pool-3-thread-1] INFO  com.rs.mv.mvvs.client.catalog.from.scan.CurrentPathScanner - [client:400205]scan file in current open file directory(F:/system/client/smiletech_appointment_system/resources/views/admin)
2024-04-22 00:23:50.439 [pool-3-thread-1] INFO  com.rs.mv.mvvs.client.catalog.from.scan.CurrentPathScanner - [client:400205]scan file in current open file directory(F:/system/client/smiletech_appointment_system/resources/views/layouts)
2024-04-22 00:23:51.241 [pool-3-thread-1] INFO  com.rs.mv.mvvs.client.catalog.from.scan.CurrentPathScanner - [client:400205]scan file in current open file directory(F:/system/client/smiletech_appointment_system/resources/views/admin)
2024-04-22 00:23:52.843 [pool-3-thread-1] INFO  com.rs.mv.mvvs.client.catalog.from.scan.CurrentPathScanner - [client:400205]scan file in current open file directory(F:/system/client/smiletech_appointment_system/resources/views/layouts)
2024-04-22 00:24:54.723 [pool-3-thread-1] INFO  com.rs.mv.mvvs.client.catalog.from.scan.CurrentPathScanner - [client:400205]scan file in current open file directory(F:/system/client/smiletech_appointment_system/public/js)
2024-04-22 00:25:00.067 [pool-3-thread-1] INFO  com.rs.mv.mvvs.client.catalog.from.scan.CurrentPathScanner - [client:400205]scan file in current open file directory(F:/system/client/smiletech_appointment_system/public/js)
2024-04-22 00:25:17.328 [pool-3-thread-1] INFO  com.rs.mv.mvvs.client.catalog.from.scan.CurrentPathScanner - [client:400205]scan file in current open file directory(F:/system/client/smiletech_appointment_system/resources/views/layouts)
2024-04-22 00:31:40.347 [pool-3-thread-1] INFO  com.rs.mv.mvvs.client.catalog.from.scan.CurrentPathScanner - [client:400205]scan file in current open file directory(F:/system/client/smiletech_appointment_system/resources/views/admin)
2024-04-22 00:31:45.358 [pool-3-thread-1] INFO  com.rs.mv.mvvs.client.catalog.from.scan.CurrentPathScanner - [client:400205]scan file in current open file directory(F:/system/client/smiletech_appointment_system/app/Http/Controllers)
2024-04-22 00:31:55.318 [pool-3-thread-1] INFO  com.rs.mv.mvvs.client.catalog.from.scan.CurrentPathScanner - [client:400205]scan file in current open file directory(F:/system/client/smiletech_appointment_system/resources/views/admin)
2024-04-22 00:31:58.257 [pool-3-thread-1] INFO  com.rs.mv.mvvs.client.catalog.from.scan.CurrentPathScanner - [client:400205]scan file in current open file directory(F:/system/client/smiletech_appointment_system/resources/views/layouts)
2024-04-22 00:32:05.588 [pool-3-thread-1] INFO  com.rs.mv.mvvs.client.catalog.from.scan.CurrentPathScanner - [client:400205]scan file in current open file directory(F:/system/client/smiletech_appointment_system/resources/views/admin)
2024-04-22 00:32:06.092 [pool-3-thread-1] INFO  com.rs.mv.mvvs.client.catalog.from.scan.CurrentPathScanner - [client:400205]scan file in current open file directory(F:/system/client/smiletech_appointment_system/app/Http/Controllers)
2024-04-22 00:32:40.905 [pool-3-thread-1] INFO  com.rs.mv.mvvs.client.catalog.from.scan.CurrentPathScanner - [client:400205]scan file in current open file directory(F:/system/client/smiletech_appointment_system/resources/views/admin)
2024-04-22 00:32:56.169 [pool-3-thread-1] INFO  com.rs.mv.mvvs.client.catalog.from.scan.CurrentPathScanner - [client:400205]scan file in current open file directory(F:/system/client/smiletech_appointment_system/app/Http/Controllers)
2024-04-22 00:33:00.889 [pool-3-thread-1] INFO  com.rs.mv.mvvs.client.catalog.from.scan.CurrentPathScanner - [client:400205]scan file in current open file directory(F:/system/client/smiletech_appointment_system/app/Models)
2024-04-22 00:33:09.990 [pool-3-thread-1] INFO  com.rs.mv.mvvs.client.catalog.from.scan.CurrentPathScanner - [client:400205]scan file in current open file directory(F:/system/client/smiletech_appointment_system/app/Http/Controllers)
2024-04-22 00:35:04.242 [pool-3-thread-1] INFO  com.rs.mv.mvvs.client.catalog.from.scan.CurrentPathScanner - [client:400205]scan file in current open file directory(F:/system/client/smiletech_appointment_system/storage/logs)
2024-04-22 00:35:04.769 [pool-3-thread-1] INFO  com.rs.mv.mvvs.client.catalog.from.scan.CurrentPathScanner - [client:400205]scan file in current open file directory(F:/system/client/smiletech_appointment_system/storage/logs)
2024-04-22 00:35:16.833 [pool-3-thread-1] INFO  com.rs.mv.mvvs.client.catalog.from.scan.CurrentPathScanner - [client:400205]scan file in current open file directory(F:/system/client/smiletech_appointment_system/app/Http/Controllers)
2024-04-22 00:35:21.254 [pool-3-thread-1] INFO  com.rs.mv.mvvs.client.catalog.from.scan.CurrentPathScanner - [client:400205]scan file in current open file directory(F:/system/client/smiletech_appointment_system/routes)
2024-04-22 00:35:37.886 [pool-3-thread-1] INFO  com.rs.mv.mvvs.client.catalog.from.scan.CurrentPathScanner - [client:400205]scan file in current open file directory(F:/system/client/smiletech_appointment_system/app/Http/Controllers)
2024-04-22 00:35:40.529 [pool-3-thread-1] INFO  com.rs.mv.mvvs.client.catalog.from.scan.CurrentPathScanner - [client:400205]scan file in current open file directory(F:/system/client/smiletech_appointment_system/resources/views/admin)
2024-04-22 00:36:45.635 [pool-3-thread-1] INFO  com.rs.mv.mvvs.client.catalog.from.scan.CurrentPathScanner - [client:400205]scan file in current open file directory(F:/system/client/smiletech_appointment_system/app/Http/Controllers)
2024-04-22 00:36:46.404 [pool-3-thread-1] INFO  com.rs.mv.mvvs.client.catalog.from.scan.CurrentPathScanner - [client:400205]scan file in current open file directory(F:/system/client/smiletech_appointment_system/resources/views/admin)
2024-04-22 00:36:47.538 [pool-3-thread-1] INFO  com.rs.mv.mvvs.client.catalog.from.scan.CurrentPathScanner - [client:400205]scan file in current open file directory(F:/system/client/smiletech_appointment_system/app/Http/Controllers)
2024-04-22 00:37:54.168 [pool-3-thread-1] INFO  com.rs.mv.mvvs.client.catalog.from.scan.CurrentPathScanner - [client:400205]scan file in current open file directory(F:/system/client/smiletech_appointment_system/app/Http/Controllers)
2024-04-22 00:37:55.486 [pool-3-thread-1] INFO  com.rs.mv.mvvs.client.catalog.from.scan.CurrentPathScanner - [client:400205]scan file in current open file directory(F:/system/client/smiletech_appointment_system/resources/views/admin)
2024-04-22 00:38:25.110 [pool-3-thread-1] INFO  com.rs.mv.mvvs.client.catalog.from.scan.CurrentPathScanner - [client:400205]scan file in current open file directory(F:/system/client/smiletech_appointment_system/routes)
2024-04-22 00:38:26.145 [pool-3-thread-1] INFO  com.rs.mv.mvvs.client.catalog.from.scan.CurrentPathScanner - [client:400205]scan file in current open file directory(F:/system/client/smiletech_appointment_system/resources/views/admin)
2024-04-22 00:38:57.090 [pool-3-thread-1] INFO  com.rs.mv.mvvs.client.catalog.from.scan.CurrentPathScanner - [client:400205]scan file in current open file directory(F:/system/client/smiletech_appointment_system/resources/views/admin)
2024-04-22 00:38:58.487 [pool-3-thread-1] INFO  com.rs.mv.mvvs.client.catalog.from.scan.CurrentPathScanner - [client:400205]scan file in current open file directory(F:/system/client/smiletech_appointment_system/app/Http/Controllers)
2024-04-22 00:39:01.844 [pool-3-thread-1] INFO  com.rs.mv.mvvs.client.catalog.from.scan.CurrentPathScanner - [client:400205]scan file in current open file directory(F:/system/client/smiletech_appointment_system/resources/views/admin)
2024-04-22 00:39:05.495 [pool-3-thread-1] INFO  com.rs.mv.mvvs.client.catalog.from.scan.CurrentPathScanner - [client:400205]scan file in current open file directory(F:/system/client/smiletech_appointment_system/app/Http/Controllers)
2024-04-22 00:39:16.720 [pool-3-thread-1] INFO  com.rs.mv.mvvs.client.catalog.from.scan.CurrentPathScanner - [client:400205]scan file in current open file directory(F:/system/client/smiletech_appointment_system/app/Http/Controllers)
2024-04-22 00:39:22.425 [pool-3-thread-1] INFO  com.rs.mv.mvvs.client.catalog.from.scan.CurrentPathScanner - [client:400205]scan file in current open file directory(F:/system/client/smiletech_appointment_system/app/Http/Controllers)
2024-04-22 00:42:14.005 [pool-3-thread-1] INFO  com.rs.mv.mvvs.client.catalog.from.scan.CurrentPathScanner - [client:400205]scan file in current open file directory(F:/system/client/smiletech_appointment_system/app/Http/Controllers)
2024-04-22 00:44:15.229 [pool-3-thread-1] INFO  com.rs.mv.mvvs.client.catalog.from.scan.CurrentPathScanner - [client:400205]scan file in current open file directory(F:/system/client/smiletech_appointment_system/resources/views/admin)
2024-04-22 00:44:46.795 [pool-3-thread-1] INFO  com.rs.mv.mvvs.client.catalog.from.scan.CurrentPathScanner - [client:400205]scan file in current open file directory(F:/system/client/smiletech_appointment_system/resources/views/admin)
2024-04-22 00:45:02.178 [pool-3-thread-1] INFO  com.rs.mv.mvvs.client.catalog.from.scan.CurrentPathScanner - [client:400205]scan file in current open file directory(F:/system/client/smiletech_appointment_system/resources/views/admin)
2024-04-22 00:46:04.271 [pool-3-thread-1] INFO  com.rs.mv.mvvs.client.catalog.from.scan.CurrentPathScanner - [client:400205]scan file in current open file directory(F:/system/client/smiletech_appointment_system/resources/views/admin)
2024-04-22 00:46:30.413 [pool-3-thread-1] INFO  com.rs.mv.mvvs.client.catalog.from.scan.CurrentPathScanner - [client:400205]scan file in current open file directory(F:/system/client/smiletech_appointment_system/resources/views/admin)
2024-04-22 00:46:32.948 [pool-3-thread-1] INFO  com.rs.mv.mvvs.client.catalog.from.scan.CurrentPathScanner - [client:400205]scan file in current open file directory(F:/system/client/smiletech_appointment_system/resources/views/layouts)
2024-04-22 00:50:10.732 [pool-3-thread-1] INFO  com.rs.mv.mvvs.client.catalog.from.scan.CurrentPathScanner - [client:400205]scan file in current open file directory(F:/system/client/smiletech_appointment_system/resources/views/admin)
2024-04-22 00:50:13.603 [pool-3-thread-1] INFO  com.rs.mv.mvvs.client.catalog.from.scan.CurrentPathScanner - [client:400205]scan file in current open file directory(F:/system/client/smiletech_appointment_system/app/Http/Controllers)
2024-04-22 00:52:47.133 [pool-3-thread-1] INFO  com.rs.mv.mvvs.client.catalog.from.scan.CurrentPathScanner - [client:400205]scan file in current open file directory(F:/system/client/smiletech_appointment_system/resources/views/admin)
2024-04-22 00:52:48.619 [pool-3-thread-1] INFO  com.rs.mv.mvvs.client.catalog.from.scan.CurrentPathScanner - [client:400205]scan file in current open file directory(F:/system/client/smiletech_appointment_system/resources/views/layouts)
2024-04-22 00:59:18.459 [pool-3-thread-1] INFO  com.rs.mv.mvvs.client.catalog.from.scan.CurrentPathScanner - [client:400205]scan file in current open file directory(F:/system/client/smiletech_appointment_system/resources/views/admin)
2024-04-22 00:59:19.882 [pool-3-thread-1] INFO  com.rs.mv.mvvs.client.catalog.from.scan.CurrentPathScanner - [client:400205]scan file in current open file directory(F:/system/client/smiletech_appointment_system/app/Http/Controllers)
2024-04-22 00:59:48.594 [pool-3-thread-1] INFO  com.rs.mv.mvvs.client.catalog.from.scan.CurrentPathScanner - [client:400205]scan file in current open file directory(F:/system/client/smiletech_appointment_system/resources/views/admin)
2024-04-22 00:59:49.763 [pool-3-thread-1] INFO  com.rs.mv.mvvs.client.catalog.from.scan.CurrentPathScanner - [client:400205]scan file in current open file directory(F:/system/client/smiletech_appointment_system/resources/views/layouts)
2024-04-22 01:02:36.998 [pool-3-thread-1] INFO  com.rs.mv.mvvs.client.catalog.from.scan.CurrentPathScanner - [client:400205]scan file in current open file directory(F:/system/client/smiletech_appointment_system/public/vendor/sweetalert2/dist)
2024-04-22 01:02:39.047 [pool-3-thread-1] INFO  com.rs.mv.mvvs.client.catalog.from.scan.CurrentPathScanner - [client:400205]scan file in current open file directory(F:/system/client/smiletech_appointment_system/public/vendor/sweetalert2/dist)
2024-04-22 01:02:54.329 [pool-3-thread-1] INFO  com.rs.mv.mvvs.client.catalog.from.scan.CurrentPathScanner - [client:400205]scan file in current open file directory(F:/system/client/smiletech_appointment_system/public/js)
2024-04-22 01:02:55.790 [pool-3-thread-1] INFO  com.rs.mv.mvvs.client.catalog.from.scan.CurrentPathScanner - [client:400205]scan file in current open file directory(F:/system/client/smiletech_appointment_system/resources/views/layouts)
2024-04-22 01:03:18.573 [pool-3-thread-1] INFO  com.rs.mv.mvvs.client.catalog.from.scan.CurrentPathScanner - [client:400205]scan file in current open file directory(F:/system/client/smiletech_appointment_system/public/js)
2024-04-22 01:03:23.856 [pool-3-thread-1] INFO  com.rs.mv.mvvs.client.catalog.from.scan.CurrentPathScanner - [client:400205]scan file in current open file directory(F:/system/client/smiletech_appointment_system/public)
2024-04-22 01:03:29.365 [pool-3-thread-1] INFO  com.rs.mv.mvvs.client.catalog.from.scan.CurrentPathScanner - [client:400205]scan file in current open file directory(F:/system/client/smiletech_appointment_system/public/vendor/global)
2024-04-22 01:03:32.923 [pool-3-thread-1] INFO  com.rs.mv.mvvs.client.catalog.from.scan.CurrentPathScanner - [client:400205]scan file in current open file directory(F:/system/client/smiletech_appointment_system/resources/views/layouts)
2024-04-22 01:07:09.418 [pool-3-thread-1] INFO  com.rs.mv.mvvs.client.catalog.from.scan.CurrentPathScanner - [client:400205]scan file in current open file directory(F:/system/client/smiletech_appointment_system/public/vendor/bootstrap-select/dist/css)
2024-04-22 01:07:23.697 [pool-3-thread-1] INFO  com.rs.mv.mvvs.client.catalog.from.scan.CurrentPathScanner - [client:400205]scan file in current open file directory(F:/system/client/smiletech_appointment_system/resources/views/layouts)
2024-04-22 01:08:05.444 [pool-3-thread-1] INFO  com.rs.mv.mvvs.client.catalog.from.scan.CurrentPathScanner - [client:400205]scan file in current open file directory(F:/system/client/smiletech_appointment_system/public/css)
2024-04-22 01:08:49.768 [pool-3-thread-1] INFO  com.rs.mv.mvvs.client.catalog.from.scan.CurrentPathScanner - [client:400205]scan file in current open file directory(F:/system/client/smiletech_appointment_system/resources/views/layouts)
2024-04-22 01:10:44.928 [pool-3-thread-1] INFO  com.rs.mv.mvvs.client.catalog.from.scan.CurrentPathScanner - [client:400205]scan file in current open file directory(F:/system/client/smiletech_appointment_system/resources/views/admin)
2024-04-22 01:10:49.656 [pool-3-thread-1] INFO  com.rs.mv.mvvs.client.catalog.from.scan.CurrentPathScanner - [client:400205]scan file in current open file directory(F:/system/client/smiletech_appointment_system/resources/views/admin)
2024-04-22 01:11:04.401 [pool-3-thread-1] INFO  com.rs.mv.mvvs.client.catalog.from.scan.CurrentPathScanner - [client:400205]scan file in current open file directory(F:/system/client/smiletech_appointment_system/resources/views/layouts)
2024-04-22 01:11:43.164 [pool-3-thread-1] INFO  com.rs.mv.mvvs.client.catalog.from.scan.CurrentPathScanner - [client:400205]scan file in current open file directory(F:/system/client/smiletech_appointment_system/public/vendor/bootstrap-select/dist/js)
2024-04-22 01:12:19.929 [pool-3-thread-1] INFO  com.rs.mv.mvvs.client.catalog.from.scan.CurrentPathScanner - [client:400205]scan file in current open file directory(F:/system/client/smiletech_appointment_system/resources/views/layouts)
2024-04-22 01:12:33.650 [pool-3-thread-1] INFO  com.rs.mv.mvvs.client.catalog.from.scan.CurrentPathScanner - [client:400205]scan file in current open file directory(F:/system/client/smiletech_appointment_system/resources/views/admin)
2024-04-22 01:12:38.348 [pool-3-thread-1] INFO  com.rs.mv.mvvs.client.catalog.from.scan.CurrentPathScanner - [client:400205]scan file in current open file directory(F:/system/client/smiletech_appointment_system/resources/views/layouts)
2024-04-22 01:12:59.065 [pool-3-thread-1] INFO  com.rs.mv.mvvs.client.catalog.from.scan.CurrentPathScanner - [client:400205]scan file in current open file directory(F:/system/client/smiletech_appointment_system/resources/views/admin)
2024-04-22 01:13:02.513 [pool-3-thread-1] INFO  com.rs.mv.mvvs.client.catalog.from.scan.CurrentPathScanner - [client:400205]scan file in current open file directory(F:/system/client/smiletech_appointment_system/resources/views/layouts)
2024-04-22 01:13:07.161 [pool-3-thread-1] INFO  com.rs.mv.mvvs.client.catalog.from.scan.CurrentPathScanner - [client:400205]scan file in current open file directory(F:/system/client/smiletech_appointment_system/resources/views/admin)
2024-04-22 01:13:17.723 [pool-3-thread-1] INFO  com.rs.mv.mvvs.client.catalog.from.scan.CurrentPathScanner - [client:400205]scan file in current open file directory(F:/system/client/smiletech_appointment_system/resources/views/layouts)
2024-04-22 01:13:22.177 [pool-3-thread-1] INFO  com.rs.mv.mvvs.client.catalog.from.scan.CurrentPathScanner - [client:400205]scan file in current open file directory(F:/system/client/smiletech_appointment_system/resources/views/admin)
2024-04-22 01:13:22.690 [pool-3-thread-1] INFO  com.rs.mv.mvvs.client.catalog.from.scan.CurrentPathScanner - [client:400205]scan file in current open file directory(F:/system/client/smiletech_appointment_system/resources/views/admin)
2024-04-22 01:13:32.158 [pool-3-thread-1] INFO  com.rs.mv.mvvs.client.catalog.from.scan.CurrentPathScanner - [client:400205]scan file in current open file directory(F:/system/client/smiletech_appointment_system/resources/views/layouts)
2024-04-22 01:13:49.531 [pool-3-thread-1] INFO  com.rs.mv.mvvs.client.catalog.from.scan.CurrentPathScanner - [client:400205]scan file in current open file directory(F:/system/client/smiletech_appointment_system/resources/views/admin)
2024-04-22 01:14:09.439 [pool-3-thread-1] INFO  com.rs.mv.mvvs.client.catalog.from.scan.CurrentPathScanner - [client:400205]scan file in current open file directory(F:/system/client/smiletech_appointment_system/resources/views/layouts)
2024-04-22 01:14:49.300 [pool-3-thread-1] INFO  com.rs.mv.mvvs.client.catalog.from.scan.CurrentPathScanner - [client:400205]scan file in current open file directory(F:/system/client/smiletech_appointment_system/resources/views/admin)
2024-04-22 01:14:54.683 [pool-3-thread-1] INFO  com.rs.mv.mvvs.client.catalog.from.scan.CurrentPathScanner - [client:400205]scan file in current open file directory(F:/system/client/smiletech_appointment_system/resources/views/layouts)
2024-04-22 01:14:57.085 [pool-3-thread-1] INFO  com.rs.mv.mvvs.client.catalog.from.scan.CurrentPathScanner - [client:400205]scan file in current open file directory(F:/system/client/smiletech_appointment_system/resources/views/admin)
2024-04-22 01:15:10.465 [pool-3-thread-1] INFO  com.rs.mv.mvvs.client.catalog.from.scan.CurrentPathScanner - [client:400205]scan file in current open file directory(F:/system/client/smiletech_appointment_system/resources/views/admin)
2024-04-22 01:15:11.444 [pool-3-thread-1] INFO  com.rs.mv.mvvs.client.catalog.from.scan.CurrentPathScanner - [client:400205]scan file in current open file directory(F:/system/client/smiletech_appointment_system/resources/views/layouts)
2024-04-22 01:15:16.929 [pool-3-thread-1] INFO  com.rs.mv.mvvs.client.catalog.from.scan.CurrentPathScanner - [client:400205]scan file in current open file directory(F:/system/client/smiletech_appointment_system/resources/views/admin)
2024-04-22 01:15:18.080 [pool-3-thread-1] INFO  com.rs.mv.mvvs.client.catalog.from.scan.CurrentPathScanner - [client:400205]scan file in current open file directory(F:/system/client/smiletech_appointment_system/resources/views/admin)
2024-04-22 01:15:22.827 [pool-3-thread-1] INFO  com.rs.mv.mvvs.client.catalog.from.scan.CurrentPathScanner - [client:400205]scan file in current open file directory(F:/system/client/smiletech_appointment_system/resources/views/layouts)
2024-04-22 01:15:28.520 [pool-3-thread-1] INFO  com.rs.mv.mvvs.client.catalog.from.scan.CurrentPathScanner - [client:400205]scan file in current open file directory(F:/system/client/smiletech_appointment_system/resources/views/admin)
2024-04-22 01:15:34.788 [pool-3-thread-1] INFO  com.rs.mv.mvvs.client.catalog.from.scan.CurrentPathScanner - [client:400205]scan file in current open file directory(F:/system/client/smiletech_appointment_system/resources/views/layouts)
2024-04-22 01:15:38.491 [pool-3-thread-1] INFO  com.rs.mv.mvvs.client.catalog.from.scan.CurrentPathScanner - [client:400205]scan file in current open file directory(F:/system/client/smiletech_appointment_system/resources/views/admin)
2024-04-22 01:15:44.581 [pool-3-thread-1] INFO  com.rs.mv.mvvs.client.catalog.from.scan.CurrentPathScanner - [client:400205]scan file in current open file directory(F:/system/client/smiletech_appointment_system/resources/views/layouts)
2024-04-22 01:15:56.031 [pool-3-thread-1] INFO  com.rs.mv.mvvs.client.catalog.from.scan.CurrentPathScanner - [client:400205]scan file in current open file directory(F:/system/client/smiletech_appointment_system/resources/views/admin)
2024-04-22 01:16:07.831 [pool-3-thread-1] INFO  com.rs.mv.mvvs.client.catalog.from.scan.CurrentPathScanner - [client:400205]scan file in current open file directory(F:/system/client/smiletech_appointment_system/resources/views/layouts)
2024-04-22 01:17:24.059 [pool-3-thread-1] INFO  com.rs.mv.mvvs.client.catalog.from.scan.CurrentPathScanner - [client:400205]scan file in current open file directory(F:/system/client/smiletech_appointment_system/resources/views/layouts)
2024-04-22 01:18:13.370 [pool-3-thread-1] INFO  com.rs.mv.mvvs.client.catalog.from.scan.CurrentPathScanner - [client:400205]scan file in current open file directory(F:/system/client/smiletech_appointment_system/resources/views/admin)
2024-04-22 01:18:28.981 [pool-3-thread-1] INFO  com.rs.mv.mvvs.client.catalog.from.scan.CurrentPathScanner - [client:400205]scan file in current open file directory(F:/system/client/smiletech_appointment_system/resources/views/admin)
2024-04-22 01:18:34.378 [pool-3-thread-1] INFO  com.rs.mv.mvvs.client.catalog.from.scan.CurrentPathScanner - [client:400205]scan file in current open file directory(F:/system/client/smiletech_appointment_system/resources/views/admin)
2024-04-22 01:19:53.133 [pool-3-thread-1] INFO  com.rs.mv.mvvs.client.catalog.from.scan.CurrentPathScanner - [client:400205]scan file in current open file directory(F:/system/client/smiletech_appointment_system/resources/views/admin)
2024-04-22 01:21:37.247 [main] WARN  com.rs.mv.mvvs.Startup - [LSP:100104]ROCKET MV BASIC EXTENSION exited
